开始时间为===========Wed Dec 09 15:05:16 CST 2015
测试数据总大小为===========943
要预测的user大小为===========148
############################################
开始预测userId为=====339的准确率!
trainMapSize=====204
testMapSize======25
训练集的准确率为=================0.9509803921568627
测试集的准确率为=================0.72
测试集的均方根误差为=================1.0
############################################
############################################
开始预测userId为=====334的准确率!
trainMapSize=====244
testMapSize======41
训练集的准确率为=================0.9467213114754098
测试集的准确率为=================0.7073170731707317
测试集的均方根误差为=================0.8115026712006891
############################################

开始时间为===========Wed Dec 09 15:47:57 CST 2015
测试数据总大小为===========943
要预测的user大小为===========148
############################################
开始预测userId为=====339的准确率!
trainMapSize=====202
testMapSize======27
训练集的准确率为=================0.9504950495049505
测试集的准确率为=================0.6296296296296297
测试集的均方根误差为=================1.0
############################################
############################################
开始预测userId为=====334的准确率!
trainMapSize=====246
testMapSize======39
训练集的准确率为=================0.9308943089430894
测试集的准确率为=================0.6410256410256411
测试集的均方根误差为=================0.8473185457363234
############################################

开始时间为===========Wed Dec 09 16:43:09 CST 2015
测试数据总大小为===========943
要预测的user大小为===========148
############################################
开始预测userId为=====339的准确率!
trainMapSize=====190
testMapSize======39
迭代了65次
训练集的准确率为=================0.9526315789473684
测试集的准确率为=================0.717948717948718
测试集的均方根误差为=================0.6602252917735247
############################################
############################################
开始预测userId为=====334的准确率!
trainMapSize=====245
testMapSize======40
迭代了400次
训练集的准确率为=================0.9142857142857143
测试集的准确率为=================0.575
测试集的均方根误差为=================0.8366600265340756
############################################
############################################
开始预测userId为=====747的准确率!
trainMapSize=====222
testMapSize======26
迭代了400次
训练集的准确率为=================0.8423423423423423
测试集的准确率为=================0.6923076923076923
测试集的均方根误差为=================1.5191090506254998
############################################
############################################
开始预测userId为=====535的准确率!
trainMapSize=====167
testMapSize======28
迭代了104次
训练集的准确率为=================0.9520958083832335
测试集的准确率为=================0.9285714285714286
测试集的均方根误差为=================0.2672612419124244
############################################
############################################
开始预测userId为=====533的准确率!
trainMapSize=====214
testMapSize======33
迭代了400次
训练集的准确率为=================0.7570093457943925
测试集的准确率为=================0.3333333333333333
测试集的均方根误差为=================1.6787441193290353
############################################
############################################
开始预测userId为=====532的准确率!
trainMapSize=====194
testMapSize======20
迭代了400次
训练集的准确率为=================0.8762886597938144
测试集的准确率为=================0.55
测试集的均方根误差为=================0.8660254037844386
############################################
############################################
开始预测userId为=====749的准确率!
trainMapSize=====227
testMapSize======43
迭代了80次
训练集的准确率为=================0.9559471365638766
测试集的准确率为=================0.6744186046511628
测试集的均方根误差为=================1.3893280959296601
############################################
############################################
开始预测userId为=====537的准确率!
trainMapSize=====338
testMapSize======64
迭代了154次
训练集的准确率为=================0.9526627218934911
测试集的准确率为=================0.78125
测试集的均方根误差为=================0.9519716382329886
############################################
############################################
开始预测userId为=====932的准确率!
trainMapSize=====169
testMapSize======32
迭代了400次
训练集的准确率为=================0.9349112426035503
测试集的准确率为=================0.71875
测试集的均方根误差为=================1.0
############################################
############################################
开始预测userId为=====342的准确率!
trainMapSize=====150
testMapSize======26
迭代了217次
训练集的准确率为=================0.9533333333333334
测试集的准确率为=================0.8846153846153846
测试集的均方根误差为=================0.3396831102433787
############################################
############################################
开始预测userId为=====343的准确率!
trainMapSize=====195
testMapSize======22
迭代了400次
训练集的准确率为=================0.8871794871794871
测试集的准确率为=================0.8181818181818182
测试集的均方根误差为=================0.4264014327112209
############################################
############################################
开始预测userId为=====345的准确率!
trainMapSize=====194
testMapSize======19
迭代了236次
训练集的准确率为=================0.9587628865979382
测试集的准确率为=================0.7894736842105263
测试集的均方根误差为=================0.8885233166386386
############################################
############################################
开始预测userId为=====1的准确率!
trainMapSize=====206
testMapSize======35
迭代了400次
训练集的准确率为=================0.9174757281553398
测试集的准确率为=================0.5714285714285714
测试集的均方根误差为=================1.121223821162776
############################################
############################################
开始预测userId为=====7的准确率!
trainMapSize=====292
testMapSize======42
迭代了400次
训练集的准确率为=================0.9075342465753424
测试集的准确率为=================0.6666666666666666
测试集的均方根误差为=================1.0801234497346435
############################################
############################################
开始预测userId为=====6的准确率!
trainMapSize=====172
testMapSize======26
迭代了400次
训练集的准确率为=================0.8837209302325582
测试集的准确率为=================0.6538461538461539
测试集的均方根误差为=================1.126601424298216
############################################
############################################
开始预测userId为=====314的准确率!
trainMapSize=====161
testMapSize======19
迭代了400次
训练集的准确率为=================0.9254658385093167
测试集的准确率为=================0.8421052631578947
测试集的均方根误差为=================0.5619514869490163
############################################
############################################
开始预测userId为=====312的准确率!
trainMapSize=====165
testMapSize======20
迭代了400次
训练集的准确率为=================0.7454545454545455
测试集的准确率为=================0.45
测试集的均方根误差为=================1.5
############################################
############################################
开始预测userId为=====313的准确率!
trainMapSize=====213
testMapSize======35
迭代了400次
训练集的准确率为=================0.9107981220657277
测试集的准确率为=================0.7714285714285715
测试集的均方根误差为=================0.9710083124552245
############################################
############################################
开始预测userId为=====311的准确率!
trainMapSize=====230
testMapSize======35
迭代了400次
训练集的准确率为=================0.9304347826086956
测试集的准确率为=================0.5142857142857142
测试集的均方根误差为=================1.082325538564332
############################################
############################################
开始预测userId为=====727的准确率!
trainMapSize=====247
testMapSize======30
迭代了218次
训练集的准确率为=================0.951417004048583
测试集的准确率为=================0.6666666666666666
测试集的均方根误差为=================0.6582805886043833
############################################
############################################
开始预测userId为=====919的准确率!
trainMapSize=====166
testMapSize======23
迭代了400次
训练集的准确率为=================0.891566265060241
测试集的准确率为=================0.6086956521739131
测试集的均方根误差为=================0.8075728530872482
############################################
############################################
开始预测userId为=====327的准确率!
trainMapSize=====220
testMapSize======35
迭代了400次
训练集的准确率为=================0.8727272727272727
测试集的准确率为=================0.5142857142857142
测试集的均方根误差为=================1.3416407864998738
############################################
############################################
开始预测userId为=====328的准确率!
trainMapSize=====209
testMapSize======28
迭代了400次
训练集的准确率为=================0.9234449760765551
测试集的准确率为=================0.7857142857142857
测试集的均方根误差为=================0.4629100498862757
############################################
############################################
开始预测userId为=====916的准确率!
trainMapSize=====254
testMapSize======32
迭代了78次
训练集的准确率为=================0.952755905511811
测试集的准确率为=================0.6875
测试集的均方根误差为=================0.75
############################################
############################################
开始预测userId为=====716的准确率!
trainMapSize=====223
testMapSize======28
迭代了400次
训练集的准确率为=================0.9147982062780269
测试集的准确率为=================0.6071428571428571
测试集的均方根误差为=================1.6690459207925603
############################################
############################################
开始预测userId为=====524的准确率!
trainMapSize=====248
testMapSize======22
迭代了400次
训练集的准确率为=================0.907258064516129
测试集的准确率为=================0.45454545454545453
测试集的均方根误差为=================1.296849328880646
############################################
############################################
开始预测userId为=====711的准确率!
trainMapSize=====173
testMapSize======20
迭代了400次
训练集的准确率为=================0.9248554913294798
测试集的准确率为=================0.8
测试集的均方根误差为=================0.806225774829855
############################################
############################################
开始预测userId为=====707的准确率!
trainMapSize=====149
testMapSize======27
迭代了71次
训练集的准确率为=================0.9530201342281879
测试集的准确率为=================0.6296296296296297
测试集的均方根误差为=================1.5153535218873173
############################################
############################################
开始预测userId为=====301的准确率!
trainMapSize=====229
testMapSize======32
迭代了400次
训练集的准确率为=================0.9082969432314411
测试集的准确率为=================0.8125
测试集的均方根误差为=================1.015504800579495
############################################
############################################
开始预测userId为=====303的准确率!
trainMapSize=====331
testMapSize======54
迭代了53次
训练集的准确率为=================0.9516616314199395
测试集的准确率为=================0.7592592592592593
测试集的均方根误差为=================0.6804138174397717
############################################
############################################
开始预测userId为=====305的准确率!
trainMapSize=====172
testMapSize======28
迭代了116次
训练集的准确率为=================0.9534883720930233
测试集的准确率为=================0.75
测试集的均方根误差为=================0.5976143046671968
############################################
############################################
开始预测userId为=====308的准确率!
trainMapSize=====305
testMapSize======45
迭代了61次
训练集的准确率为=================0.9508196721311475
测试集的准确率为=================0.7777777777777778
测试集的均方根误差为=================0.6324555320336759
############################################
############################################
开始预测userId为=====588的准确率!
trainMapSize=====181
testMapSize======21
迭代了400次
训练集的准确率为=================0.9447513812154696
测试集的准确率为=================0.8095238095238095
测试集的均方根误差为=================0.9258200997725514
############################################
############################################
开始预测userId为=====551的准确率!
trainMapSize=====260
testMapSize======35
迭代了400次
训练集的准确率为=================0.9192307692307692
测试集的准确率为=================0.6
测试集的均方根误差为=================1.5946338585572373
############################################
############################################
开始预测userId为=====561的准确率!
trainMapSize=====279
testMapSize======33
迭代了400次
训练集的准确率为=================0.931899641577061
测试集的准确率为=================0.696969696969697
测试集的均方根误差为=================0.816496580927726
############################################
############################################
开始预测userId为=====798的准确率!
trainMapSize=====149
testMapSize======23
迭代了400次
训练集的准确率为=================0.8926174496644296
测试集的准确率为=================0.4782608695652174
测试集的均方根误差为=================1.0215078369104984
############################################
############################################
开始预测userId为=====796的准确率!
trainMapSize=====275
testMapSize======34
迭代了104次
训练集的准确率为=================0.9527272727272728
测试集的准确率为=================0.7352941176470589
测试集的均方根误差为=================1.1504474832710556
############################################
############################################
开始预测userId为=====790的准确率!
trainMapSize=====179
testMapSize======26
迭代了400次
训练集的准确率为=================0.9273743016759777
测试集的准确率为=================0.7692307692307693
测试集的均方根误差为=================0.5883484054145521
############################################
############################################
开始预测userId为=====782的准确率!
trainMapSize=====96
testMapSize======11
迭代了400次
训练集的准确率为=================0.90625
测试集的准确率为=================0.8181818181818182
测试集的均方根误差为=================0.4264014327112209
############################################
############################################
开始预测userId为=====788的准确率!
trainMapSize=====186
testMapSize======26
迭代了400次
训练集的准确率为=================0.9086021505376344
测试集的准确率为=================0.7692307692307693
测试集的均方根误差为=================0.7595545253127499
############################################
############################################
开始预测userId为=====506的准确率!
trainMapSize=====184
testMapSize======34
迭代了400次
训练集的准确率为=================0.8804347826086957
测试集的准确率为=================0.7058823529411765
测试集的均方根误差为=================0.985184366143778
############################################
############################################
开始预测userId为=====504的准确率!
trainMapSize=====170
testMapSize======30
迭代了400次
训练集的准确率为=================0.8764705882352941
测试集的准确率为=================0.7666666666666667
测试集的均方根误差为=================0.5773502691896257
############################################
############################################
开始预测userId为=====774的准确率!
trainMapSize=====171
testMapSize======26
迭代了106次
训练集的准确率为=================0.9532163742690059
测试集的准确率为=================0.8076923076923077
测试集的均方根误差为=================0.7337993857053428
############################################
############################################
开始预测userId为=====500的准确率!
trainMapSize=====170
testMapSize======22
迭代了400次
训练集的准确率为=================0.9176470588235294
测试集的准确率为=================0.7272727272727273
测试集的均方根误差为=================0.8790490729915326
############################################
############################################
开始预测userId为=====758的准确率!
trainMapSize=====264
testMapSize======48
迭代了400次
训练集的准确率为=================0.9053030303030303
测试集的准确率为=================0.75
测试集的均方根误差为=================0.9789450103725609
############################################
############################################
开始预测userId为=====393的准确率!
trainMapSize=====295
testMapSize======45
迭代了400次
训练集的准确率为=================0.9389830508474576
测试集的准确率为=================0.7555555555555555
测试集的均方根误差为=================0.7149203529842405
############################################
############################################
开始预测userId为=====399的准确率!
trainMapSize=====235
testMapSize======26
迭代了400次
训练集的准确率为=================0.7829787234042553
测试集的准确率为=================0.7307692307692307
测试集的均方根误差为=================0.7844645405527362
############################################
############################################
开始预测userId为=====592的准确率!
trainMapSize=====261
testMapSize======43
迭代了400次
训练集的准确率为=================0.8697318007662835
测试集的准确率为=================0.6744186046511628
测试集的均方根误差为=================1.5173416165766196
############################################
############################################
开始预测userId为=====389的准确率!
trainMapSize=====206
testMapSize======32
迭代了39次
训练集的准确率为=================0.9514563106796117
测试集的准确率为=================0.6875
测试集的均方根误差为=================0.9682458365518543
############################################
############################################
开始预测userId为=====387的准确率!
trainMapSize=====231
testMapSize======34
迭代了106次
训练集的准确率为=================0.9523809523809523
测试集的准确率为=================0.6470588235294118
测试集的均方根误差为=================1.2602520756252087
############################################
############################################
开始预测userId为=====385的准确率!
trainMapSize=====188
testMapSize======32
迭代了78次
训练集的准确率为=================0.9521276595744681
测试集的准确率为=================0.71875
测试集的均方根误差为=================1.5612494995995996
############################################
############################################
开始预测userId为=====373的准确率!
trainMapSize=====184
testMapSize======26
迭代了208次
训练集的准确率为=================0.9510869565217391
测试集的准确率为=================0.7692307692307693
测试集的均方根误差为=================0.9405399431259602
############################################
############################################
开始预测userId为=====378的准确率!
trainMapSize=====289
testMapSize======34
迭代了400次
训练集的准确率为=================0.8823529411764706
测试集的准确率为=================0.7058823529411765
测试集的均方根误差为=================0.747545001596402
############################################
############################################
开始预测userId为=====374的准确率!
trainMapSize=====209
testMapSize======25
迭代了219次
训练集的准确率为=================0.9521531100478469
测试集的准确率为=================0.88
测试集的均方根误差为=================0.938083151964686
############################################
############################################
开始预测userId为=====363的准确率!
trainMapSize=====237
testMapSize======33
迭代了90次
训练集的准确率为=================0.9535864978902954
测试集的准确率为=================0.8787878787878788
测试集的均方根误差为=================0.8348471099367218
############################################
############################################
开始预测userId为=====354的准确率!
trainMapSize=====182
testMapSize======25
迭代了135次
训练集的准确率为=================0.9505494505494505
测试集的准确率为=================0.76
测试集的均方根误差为=================0.6
############################################
############################################
开始预测userId为=====807的准确率!
trainMapSize=====146
testMapSize======25
迭代了400次
训练集的准确率为=================0.8972602739726028
测试集的准确率为=================0.64
测试集的均方根误差为=================0.7745966692414834
############################################
############################################
开始预测userId为=====804的准确率!
trainMapSize=====271
testMapSize======26
迭代了400次
训练集的准确率为=================0.9077490774907749
测试集的准确率为=================0.7307692307692307
测试集的均方根误差为=================0.5188745216627708
############################################
############################################
开始预测userId为=====805的准确率!
trainMapSize=====218
testMapSize======30
迭代了126次
训练集的准确率为=================0.9541284403669725
测试集的准确率为=================0.7333333333333333
测试集的均方根误差为=================0.816496580927726
############################################
############################################
开始预测userId为=====151的准确率!
trainMapSize=====242
testMapSize======35
迭代了400次
训练集的准确率为=================0.9380165289256198
测试集的准确率为=================0.7428571428571429
测试集的均方根误差为=================1.0954451150103321
############################################
############################################
开始预测userId为=====606的准确率!
trainMapSize=====187
testMapSize======32
迭代了400次
训练集的准确率为=================0.9251336898395722
测试集的准确率为=================0.71875
测试集的均方根误差为=================0.7905694150420949
############################################
############################################
开始预测userId为=====200的准确率!
trainMapSize=====165
testMapSize======30
迭代了400次
训练集的准确率为=================0.9333333333333333
测试集的准确率为=================0.8333333333333334
测试集的均方根误差为=================0.5163977794943222
############################################
############################################
开始预测userId为=====201的准确率!
trainMapSize=====267
testMapSize======38
迭代了400次
训练集的准确率为=================0.9400749063670412
测试集的准确率为=================0.7631578947368421
测试集的均方根误差为=================0.8271701918685112
############################################
############################################
开始预测userId为=====207的准确率!
trainMapSize=====183
testMapSize======22
迭代了400次
训练集的准确率为=================0.9234972677595629
测试集的准确率为=================0.6818181818181818
测试集的均方根误差为=================0.5640760748177662
############################################
############################################
开始预测userId为=====409的准确率!
trainMapSize=====144
testMapSize======21
迭代了400次
训练集的准确率为=================0.8819444444444444
测试集的准确率为=================0.42857142857142855
测试集的均方根误差为=================1.7861904127153383
############################################
############################################
开始预测userId为=====405的准确率!
trainMapSize=====331
testMapSize======42
迭代了124次
训练集的准确率为=================0.9516616314199395
测试集的准确率为=================0.6428571428571429
测试集的均方根误差为=================1.300183137283433
############################################
############################################
开始预测userId为=====407的准确率!
trainMapSize=====183
testMapSize======30
迭代了400次
训练集的准确率为=================0.8743169398907104
测试集的准确率为=================0.7333333333333333
测试集的均方根误差为=================0.8563488385776752
############################################
############################################
开始预测userId为=====406的准确率!
trainMapSize=====256
testMapSize======48
迭代了89次
训练集的准确率为=================0.953125
测试集的准确率为=================0.8333333333333334
测试集的均方根误差为=================0.9464847243000456
############################################
############################################
开始预测userId为=====178的准确率!
trainMapSize=====223
testMapSize======32
迭代了400次
训练集的准确率为=================0.905829596412556
测试集的准确率为=================0.5625
测试集的均方根误差为=================0.9354143466934853
############################################
############################################
开始预测userId为=====417的准确率!
trainMapSize=====260
testMapSize======46
迭代了133次
训练集的准确率为=================0.95
测试集的准确率为=================0.5652173913043478
测试集的均方根误差为=================1.0
############################################
############################################
开始预测userId为=====416的准确率!
trainMapSize=====336
testMapSize======61
迭代了400次
训练集的准确率为=================0.9077380952380952
测试集的准确率为=================0.7868852459016393
测试集的均方根误差为=================1.0864289525102224
############################################
############################################
开始预测userId为=====622的准确率!
trainMapSize=====172
testMapSize======24
迭代了97次
训练集的准确率为=================0.9534883720930233
测试集的准确率为=================0.75
测试集的均方根误差为=================1.3844373104863459
############################################
############################################
开始预测userId为=====222的准确率!
trainMapSize=====276
testMapSize======45
迭代了76次
训练集的准确率为=================0.9565217391304348
测试集的准确率为=================0.8
测试集的均方根误差为=================0.7149203529842405
############################################
############################################
开始预测userId为=====181的准确率!
trainMapSize=====184
testMapSize======30
迭代了218次
训练集的准确率为=================0.9565217391304348
测试集的准确率为=================0.7333333333333333
测试集的均方根误差为=================1.1972189997378648
############################################
############################################
开始预测userId为=====429的准确率!
trainMapSize=====314
testMapSize======49
迭代了84次
训练集的准确率为=================0.9522292993630573
测试集的准确率为=================0.8367346938775511
测试集的均方根误差为=================0.5890150893739515
############################################
############################################
开始预测userId为=====184的准确率!
trainMapSize=====192
testMapSize======26
迭代了400次
训练集的准确率为=================0.9427083333333334
测试集的准确率为=================0.9230769230769231
测试集的均方根误差为=================0.2773500981126146
############################################
############################################
开始预测userId为=====618的准确率!
trainMapSize=====168
testMapSize======31
迭代了60次
训练集的准确率为=================0.9523809523809523
测试集的准确率为=================0.7419354838709677
测试集的均方根误差为=================0.8980265101338745
############################################
############################################
开始预测userId为=====425的准确率!
trainMapSize=====154
testMapSize======22
迭代了261次
训练集的准确率为=================0.9545454545454546
测试集的准确率为=================0.7727272727272727
测试集的均方根误差为=================0.9293203772845852
############################################
############################################
开始预测userId为=====843的准确率!
trainMapSize=====161
testMapSize======28
迭代了400次
训练集的准确率为=================0.9006211180124224
测试集的准确率为=================0.7857142857142857
测试集的均方根误差为=================0.7319250547113999
############################################
############################################
开始预测userId为=====846的准确率!
trainMapSize=====291
testMapSize======38
迭代了65次
训练集的准确率为=================0.9518900343642611
测试集的准确率为=================0.6578947368421053
测试集的均方根误差为=================0.7947194142390263
############################################
############################################
开始预测userId为=====435的准确率!
trainMapSize=====295
testMapSize======36
迭代了63次
训练集的准确率为=================0.9525423728813559
测试集的准确率为=================0.8055555555555556
测试集的均方根误差为=================0.7264831572567789
############################################
############################################
开始预测userId为=====437的准确率!
trainMapSize=====204
testMapSize======31
迭代了132次
训练集的准确率为=================0.9509803921568627
测试集的准确率为=================0.7741935483870968
测试集的均方根误差为=================1.016001016001524
############################################
############################################
开始预测userId为=====833的准确率!
trainMapSize=====196
testMapSize======29
迭代了92次
训练集的准确率为=================0.9540816326530612
测试集的准确率为=================0.7586206896551724
测试集的均方根误差为=================1.2865350418053538
############################################
############################################
开始预测userId为=====864的准确率!
trainMapSize=====236
testMapSize======29
迭代了47次
训练集的准确率为=================0.9576271186440678
测试集的准确率为=================0.896551724137931
测试集的均方根误差为=================0.454858826147342
############################################
############################################
开始预测userId为=====868的准确率!
trainMapSize=====169
testMapSize======15
迭代了52次
训练集的准确率为=================0.9585798816568047
测试集的准确率为=================0.4666666666666667
测试集的均方根误差为=================1.2110601416389966
############################################
############################################
开始预测userId为=====450的准确率!
trainMapSize=====372
testMapSize======52
迭代了41次
训练集的准确率为=================0.956989247311828
测试集的准确率为=================0.9038461538461539
测试集的均方根误差为=================0.6044705248269888
############################################
############################################
开始预测userId为=====454的准确率!
trainMapSize=====187
testMapSize======29
迭代了400次
训练集的准确率为=================0.93048128342246
测试集的准确率为=================0.8620689655172413
测试集的均方根误差为=================0.9649012813540153
############################################
############################################
开始预测userId为=====452的准确率!
trainMapSize=====167
testMapSize======19
迭代了400次
训练集的准确率为=================0.9341317365269461
测试集的准确率为=================0.631578947368421
测试集的均方根误差为=================1.3377121081198773
############################################
############################################
开始预测userId为=====457的准确率!
trainMapSize=====225
testMapSize======31
迭代了400次
训练集的准确率为=================0.92
测试集的准确率为=================0.8064516129032258
测试集的均方根误差为=================0.43994134506405985
############################################
############################################
开始预测userId为=====456的准确率!
trainMapSize=====160
testMapSize======22
迭代了400次
训练集的准确率为=================0.9125
测试集的准确率为=================0.8636363636363636
测试集的均方根误差为=================1.044465935734187
############################################
############################################
开始预测userId为=====130的准确率!
trainMapSize=====248
testMapSize======38
迭代了400次
训练集的准确率为=================0.9153225806451613
测试集的准确率为=================0.6052631578947368
测试集的均方根误差为=================1.8136906252750291
############################################
############################################
开始预测userId为=====144的准确率!
trainMapSize=====168
testMapSize======23
迭代了400次
训练集的准确率为=================0.8333333333333334
测试集的准确率为=================0.6521739130434783
测试集的均方根误差为=================1.6151457061744965
############################################
############################################
开始预测userId为=====145的准确率!
trainMapSize=====220
testMapSize======32
迭代了400次
训练集的准确率为=================0.9227272727272727
测试集的准确率为=================0.75
测试集的均方根误差为=================1.118033988749895
############################################
############################################
开始预测userId为=====851的准确率!
trainMapSize=====144
testMapSize======20
迭代了367次
训练集的准确率为=================0.9513888888888888
测试集的准确率为=================0.95
测试集的均方根误差为=================0.4472135954999579
############################################
############################################
开始预测userId为=====854的准确率!
trainMapSize=====176
testMapSize======21
迭代了400次
训练集的准确率为=================0.9090909090909091
测试集的准确率为=================0.5714285714285714
测试集的均方根误差为=================1.1338934190276817
############################################
############################################
开始预测userId为=====682的准确率!
trainMapSize=====284
testMapSize======54
迭代了320次
训练集的准确率为=================0.9507042253521126
测试集的准确率为=================0.7037037037037037
测试集的均方根误差为=================0.90267093384844
############################################
############################################
开始预测userId为=====889的准确率!
trainMapSize=====249
testMapSize======37
迭代了400次
训练集的准确率为=================0.8674698795180723
测试集的准确率为=================0.6216216216216216
测试集的均方根误差为=================1.0780362527123855
############################################
############################################
开始预测userId为=====886的准确率!
trainMapSize=====189
testMapSize======26
迭代了140次
训练集的准确率为=================0.9523809523809523
测试集的准确率为=================0.6923076923076923
测试集的均方根误差为=================1.4806443503784736
############################################
############################################
开始预测userId为=====880的准确率!
trainMapSize=====259
testMapSize======35
迭代了98次
训练集的准确率为=================0.9536679536679536
测试集的准确率为=================0.6
测试集的均方根误差为=================1.0
############################################
############################################
开始预测userId为=====881的准确率!
trainMapSize=====209
testMapSize======26
迭代了357次
训练集的准确率为=================0.9521531100478469
测试集的准确率为=================0.8846153846153846
测试集的均方根误差为=================0.6504436355879909
############################################
############################################
开始预测userId为=====883的准确率!
trainMapSize=====186
testMapSize======41
迭代了316次
训练集的准确率为=================0.9516129032258065
测试集的准确率为=================0.926829268292683
测试集的均方根误差为=================0.2705008904002297
############################################
############################################
开始预测userId为=====870的准确率!
trainMapSize=====206
testMapSize======32
迭代了400次
训练集的准确率为=================0.9077669902912622
测试集的准确率为=================0.5
测试集的均方根误差为=================1.14564392373896
############################################
############################################
开始预测userId为=====894的准确率!
trainMapSize=====173
testMapSize======12
迭代了400次
训练集的准确率为=================0.9421965317919075
测试集的准确率为=================0.5833333333333334
测试集的均方根误差为=================0.816496580927726
############################################
############################################
开始预测userId为=====892的准确率!
trainMapSize=====190
testMapSize======17
迭代了400次
训练集的准确率为=================0.9421052631578948
测试集的准确率为=================0.7647058823529411
测试集的均方根误差为=================0.6416889479197478
############################################
############################################
开始预测userId为=====896的准确率!
trainMapSize=====274
testMapSize======37
迭代了117次
训练集的准确率为=================0.9525547445255474
测试集的准确率为=================0.8378378378378378
测试集的均方根误差为=================0.7884298457197201
############################################
############################################
开始预测userId为=====648的准确率!
trainMapSize=====222
testMapSize======35
迭代了250次
训练集的准确率为=================0.9504504504504504
测试集的准确率为=================0.5714285714285714
测试集的均方根误差为=================1.6987390281365427
############################################
############################################
开始预测userId为=====642的准确率!
trainMapSize=====208
testMapSize======20
迭代了224次
训练集的准确率为=================0.9519230769230769
测试集的准确率为=================0.85
测试集的均方根误差为=================1.3038404810405297
############################################
############################################
开始预测userId为=====194的准确率!
trainMapSize=====243
testMapSize======31
迭代了138次
训练集的准确率为=================0.9506172839506173
测试集的准确率为=================0.8064516129032258
测试集的均方根误差为=================0.6221710168382552
############################################
############################################
开始预测userId为=====643的准确率!
trainMapSize=====173
testMapSize======26
迭代了172次
训练集的准确率为=================0.953757225433526
测试集的准确率为=================0.5
测试集的均方根误差为=================0.8548504142651103
############################################
############################################
开始预测userId为=====660的准确率!
trainMapSize=====176
testMapSize======25
迭代了333次
训练集的准确率为=================0.9545454545454546
测试集的准确率为=================0.68
测试集的均方根误差为=================1.131370849898476
############################################
############################################
开始预测userId为=====666的准确率!
trainMapSize=====189
testMapSize======34
迭代了400次
训练集的准确率为=================0.8465608465608465
测试集的准确率为=================0.7352941176470589
测试集的均方根误差为=================1.1757350641945108
############################################
############################################
开始预测userId为=====650的准确率!
trainMapSize=====253
testMapSize======27
迭代了400次
训练集的准确率为=================0.9130434782608695
测试集的准确率为=================0.8518518518518519
测试集的均方根误差为=================0.6666666666666666
############################################
############################################
开始预测userId为=====655的准确率!
trainMapSize=====367
testMapSize======59
迭代了102次
训练集的准确率为=================0.9509536784741145
测试集的准确率为=================0.7457627118644068
测试集的均方根误差为=================0.552344770738994
############################################
############################################
开始预测userId为=====653的准确率!
trainMapSize=====214
testMapSize======36
迭代了64次
训练集的准确率为=================0.9532710280373832
测试集的准确率为=================0.6944444444444444
测试集的均方根误差为=================1.2018504251546631
############################################
############################################
开始预测userId为=====43的准确率!
trainMapSize=====192
testMapSize======16
迭代了400次
训练集的准确率为=================0.8802083333333334
测试集的准确率为=================0.5
测试集的均方根误差为=================0.7071067811865476
############################################
############################################
开始预测userId为=====18的准确率!
trainMapSize=====218
testMapSize======29
迭代了16次
训练集的准确率为=================0.9541284403669725
测试集的准确率为=================0.7586206896551724
测试集的均方根误差为=================0.6695340634119862
############################################
############################################
开始预测userId为=====13的准确率!
trainMapSize=====412
testMapSize======60
迭代了61次
训练集的准确率为=================0.9538834951456311
测试集的准确率为=================0.8833333333333333
测试集的均方根误差为=================0.8366600265340756
############################################
############################################
开始预测userId为=====87的准确率!
trainMapSize=====155
testMapSize======27
迭代了400次
训练集的准确率为=================0.9419354838709677
测试集的准确率为=================0.6296296296296297
测试集的均方根误差为=================1.1221672153735642
############################################
############################################
开始预测userId为=====85的准确率!
trainMapSize=====216
testMapSize======38
迭代了400次
训练集的准确率为=================0.8981481481481481
测试集的准确率为=================0.631578947368421
测试集的均方根误差为=================1.180989772227204
############################################
############################################
开始预测userId为=====59的准确率!
trainMapSize=====307
testMapSize======42
迭代了400次
训练集的准确率为=================0.9120521172638436
测试集的准确率为=================0.8333333333333334
测试集的均方根误差为=================0.8997354108424374
############################################
############################################
开始预测userId为=====62的准确率!
trainMapSize=====184
testMapSize======28
迭代了202次
训练集的准确率为=================0.9510869565217391
测试集的准确率为=================0.6428571428571429
测试集的均方根误差为=================1.0350983390135313
############################################
############################################
开始预测userId为=====60的准确率!
trainMapSize=====157
testMapSize======25
迭代了400次
训练集的准确率为=================0.8789808917197452
测试集的准确率为=================0.72
测试集的均方根误差为=================0.5291502622129182
############################################
############################################
开始预测userId为=====49的准确率!
trainMapSize=====161
testMapSize======17
迭代了117次
训练集的准确率为=================0.9503105590062112
测试集的准确率为=================0.8823529411764706
测试集的均方根误差为=================0.5423261445466404
############################################
############################################
开始预测userId为=====487的准确率!
trainMapSize=====185
testMapSize======26
迭代了400次
训练集的准确率为=================0.9351351351351351
测试集的准确率为=================0.7692307692307693
测试集的均方根误差为=================1.0
############################################
############################################
开始预测userId为=====280的准确率!
trainMapSize=====194
testMapSize======27
迭代了111次
训练集的准确率为=================0.9536082474226805
测试集的准确率为=================0.5185185185185185
测试集的均方根误差为=================1.5634719199411433
############################################
############################################
开始预测userId为=====286的准确率!
trainMapSize=====207
testMapSize======33
迭代了395次
训练集的准确率为=================0.9516908212560387
测试集的准确率为=================0.7878787878787878
测试集的均方根误差为=================0.6276459144608478
############################################
############################################
开始预测userId为=====474的准确率!
trainMapSize=====254
testMapSize======46
迭代了400次
训练集的准确率为=================0.9212598425196851
测试集的准确率为=================0.6521739130434783
测试集的均方根误差为=================1.0215078369104984
############################################
############################################
开始预测userId为=====271的准确率!
trainMapSize=====230
testMapSize======31
迭代了400次
训练集的准确率为=================0.9434782608695652
测试集的准确率为=================0.7419354838709677
测试集的均方根误差为=================0.7828813612588127
############################################
############################################
开始预测userId为=====479的准确率!
trainMapSize=====163
testMapSize======25
迭代了400次
训练集的准确率为=================0.8588957055214724
测试集的准确率为=================0.6
测试集的均方根误差为=================0.8
############################################
############################################
开始预测userId为=====276的准确率!
trainMapSize=====375
testMapSize======36
迭代了38次
训练集的准确率为=================0.952
测试集的准确率为=================0.8611111111111112
测试集的均方根误差为=================0.6009252125773316
############################################
############################################
开始预测userId为=====279的准确率!
trainMapSize=====262
testMapSize======38
迭代了149次
训练集的准确率为=================0.950381679389313
测试集的准确率为=================0.868421052631579
测试集的均方根误差为=================1.2354415362426845
############################################
############################################
开始预测userId为=====472的准确率!
trainMapSize=====191
testMapSize======39
迭代了400次
训练集的准确率为=================0.8638743455497382
测试集的准确率为=================0.6410256410256411
测试集的均方根误差为=================0.9740215340114143
############################################
############################################
开始预测userId为=====109的准确率!
trainMapSize=====188
testMapSize======26
迭代了98次
训练集的准确率为=================0.9574468085106383
测试集的准确率为=================0.6153846153846154
测试集的均方根误差为=================1.4675987714106855
############################################
############################################
开始预测userId为=====102的准确率!
trainMapSize=====172
testMapSize======25
迭代了400次
训练集的准确率为=================0.9244186046511628
测试集的准确率为=================0.76
测试集的均方根误差为=================0.916515138991168
############################################
############################################
开始预测userId为=====95的准确率!
trainMapSize=====210
testMapSize======31
迭代了65次
训练集的准确率为=================0.9523809523809523
测试集的准确率为=================0.7741935483870968
测试集的均方根误差为=================0.8798826901281197
############################################
############################################
开始预测userId为=====94的准确率!
trainMapSize=====305
testMapSize======37
迭代了54次
训练集的准确率为=================0.9508196721311475
测试集的准确率为=================0.8108108108108109
测试集的均方根误差为=================1.3151918984428583
############################################
############################################
开始预测userId为=====92的准确率!
trainMapSize=====291
testMapSize======44
迭代了82次
训练集的准确率为=================0.9518900343642611
测试集的准确率为=================0.7954545454545454
测试集的均方根误差为=================0.6908492797077574
############################################
############################################
开始预测userId为=====90的准确率!
trainMapSize=====220
testMapSize======21
迭代了400次
训练集的准确率为=================0.8090909090909091
测试集的准确率为=================0.7142857142857143
测试集的均方根误差为=================1.0465362369445672
############################################
############################################
开始预测userId为=====293的准确率!
trainMapSize=====299
testMapSize======49
迭代了28次
训练集的准确率为=================0.9565217391304348
测试集的准确率为=================0.7755102040816326
测试集的均方根误差为=================0.8206518066482897
############################################
############################################
开始预测userId为=====495的准确率!
trainMapSize=====167
testMapSize======24
迭代了400次
训练集的准确率为=================0.8502994011976048
测试集的准确率为=================0.4583333333333333
测试集的均方根误差为=================1.241638702145945
############################################
############################################
开始预测userId为=====291的准确率!
trainMapSize=====203
testMapSize======26
迭代了400次
训练集的准确率为=================0.8620689655172413
测试集的准确率为=================0.6538461538461539
测试集的均方根误差为=================0.7595545253127499
############################################
############################################
开始预测userId为=====497的准确率!
trainMapSize=====200
testMapSize======38
迭代了109次
训练集的准确率为=================0.95
测试集的准确率为=================0.868421052631579
测试集的均方根误差为=================0.5380275868489703
############################################
############################################
开始预测userId为=====299的准确率!
trainMapSize=====207
testMapSize======27
迭代了400次
训练集的准确率为=================0.9033816425120773
测试集的准确率为=================0.7407407407407407
测试集的均方根误差为=================0.5091750772173156
############################################
############################################
开始预测userId为=====244的准确率!
trainMapSize=====184
testMapSize======28
迭代了225次
训练集的准确率为=================0.9510869565217391
测试集的准确率为=================0.7857142857142857
测试集的均方根误差为=================1.118033988749895
############################################
############################################
开始预测userId为=====234的准确率!
trainMapSize=====318
testMapSize======52
迭代了88次
训练集的准确率为=================0.9528301886792453
测试集的准确率为=================0.8076923076923077
测试集的均方根误差为=================0.6354889093022426
############################################
############################################
开始预测userId为=====269的准确率!
trainMapSize=====243
testMapSize======37
迭代了48次
训练集的准确率为=================0.9547325102880658
测试集的准确率为=================0.8108108108108109
测试集的均方根误差为=================0.9586025865388216
############################################
############################################
开始预测userId为=====268的准确率!
trainMapSize=====248
testMapSize======36
迭代了54次
训练集的准确率为=================0.9556451612903226
测试集的准确率为=================0.8055555555555556
测试集的均方根误差为=================0.44095855184409843
############################################
############################################
开始预测userId为=====256的准确率!
trainMapSize=====135
testMapSize======36
迭代了194次
训练集的准确率为=================0.9555555555555556
测试集的准确率为=================0.6666666666666666
测试集的均方根误差为=================1.092906420717
############################################
~~~~~~~~~~~~~~~~~~~~~~~~~~~~~~~~~~~~~~~~~~~~~~~~~~~~~~~~~~~~~~~~~
总的准确率平均为:0.7191977519467141
总的均方根误差平均为:0.9317194442947075
结束时间为===========Fri Dec 11 03:19:26 CST 2015
总耗时为 2076 分钟
开始时间为===========Fri Dec 11 22:55:42 CST 2015
测试数据总大小为===========943
要预测的user大小为===========148
