开始时间为===========Mon Dec 07 13:31:12 CST 2015
测试数据总大小为===========943
要预测的user大小为===========148
############################################
开始预测userId为=====18的准确率!
trainMapSize=====217
testMapSize======30
训练集的准确率为=================0.9078341013824884
测试集的准确率为=================0.6666666666666666
############################################
############################################
开始预测userId为=====660的准确率!
trainMapSize=====167
testMapSize======34
训练集的准确率为=================0.7904191616766467
测试集的准确率为=================0.5588235294117647
############################################
############################################
开始预测userId为=====894的准确率!
trainMapSize=====165
testMapSize======20
训练集的准确率为=================0.696969696969697
测试集的准确率为=================0.45
############################################
############################################
开始预测userId为=====892的准确率!
trainMapSize=====192
testMapSize======15
训练集的准确率为=================0.8645833333333334
测试集的准确率为=================0.5333333333333333
############################################
############################################
开始预测userId为=====642的准确率!
trainMapSize=====202
testMapSize======26
训练集的准确率为=================0.7772277227722773
测试集的准确率为=================0.46153846153846156
############################################
############################################
开始预测userId为=====653的准确率!
trainMapSize=====217
testMapSize======33
训练集的准确率为=================0.8341013824884793
测试集的准确率为=================0.48484848484848486
############################################
############################################
开始预测userId为=====643的准确率!
trainMapSize=====167
testMapSize======32
训练集的准确率为=================0.8802395209580839
测试集的准确率为=================0.5
############################################
############################################
开始预测userId为=====43的准确率!
trainMapSize=====183
testMapSize======25
训练集的准确率为=================0.7704918032786885
测试集的准确率为=================0.24
############################################
############################################
开始预测userId为=====648的准确率!
trainMapSize=====215
testMapSize======42
训练集的准确率为=================0.7534883720930232
测试集的准确率为=================0.40476190476190477
############################################
############################################
开始预测userId为=====194的准确率!
trainMapSize=====240
testMapSize======34
训练集的准确率为=================0.8666666666666667
测试集的准确率为=================0.6470588235294118
############################################
############################################
开始预测userId为=====532的准确率!
trainMapSize=====182
testMapSize======32
训练集的准确率为=================0.7417582417582418
测试集的准确率为=================0.5625
############################################
############################################
开始预测userId为=====339的准确率!
trainMapSize=====204
testMapSize======25
训练集的准确率为=================0.8921568627450981
测试集的准确率为=================0.56
############################################
############################################
开始预测userId为=====666的准确率!
trainMapSize=====199
testMapSize======24
训练集的准确率为=================0.7889447236180904
测试集的准确率为=================0.7083333333333334
############################################
############################################
开始预测userId为=====535的准确率!
trainMapSize=====170
testMapSize======25
训练集的准确率为=================0.8588235294117647
测试集的准确率为=================0.6
############################################
############################################
开始预测userId为=====650的准确率!
trainMapSize=====248
testMapSize======32
训练集的准确率为=================0.8709677419354839
测试集的准确率为=================0.8125
############################################
############################################
开始预测userId为=====334的准确率!
trainMapSize=====248
testMapSize======37
训练集的准确率为=================0.8024193548387096
测试集的准确率为=================0.4864864864864865
############################################
############################################
开始预测userId为=====896的准确率!
trainMapSize=====280
testMapSize======31
训练集的准确率为=================0.8357142857142857
测试集的准确率为=================0.7096774193548387
############################################
############################################
开始预测userId为=====342的准确率!
trainMapSize=====150
testMapSize======26
训练集的准确率为=================0.6466666666666666
测试集的准确率为=================0.5
############################################
############################################
开始预测userId为=====343的准确率!
trainMapSize=====190
testMapSize======27
训练集的准确率为=================0.7789473684210526
测试集的准确率为=================0.48148148148148145
############################################
############################################
开始预测userId为=====932的准确率!
trainMapSize=====173
testMapSize======28
训练集的准确率为=================0.8554913294797688
测试集的准确率为=================0.6785714285714286
############################################
############################################
开始预测userId为=====747的准确率!
trainMapSize=====211
testMapSize======37
训练集的准确率为=================0.7725118483412322
测试集的准确率为=================0.5945945945945946
############################################
############################################
开始预测userId为=====314的准确率!
trainMapSize=====149
testMapSize======31
训练集的准确率为=================0.7181208053691275
测试集的准确率为=================0.5161290322580645
############################################
############################################
开始预测userId为=====533的准确率!
trainMapSize=====211
testMapSize======36
训练集的准确率为=================0.6635071090047393
测试集的准确率为=================0.4166666666666667
############################################
