开始时间为===========Mon Dec 14 11:36:18 CST 2015
要预测的user大小为===========923
############################################
开始预测userId为=====339的准确率!
trainMapSize=====231
testMapSize======21
迭代了23次
训练集的准确率为=================0.9523809523809523
测试集的准确率为=================0.9047619047619048
测试集的均方根误差分子为=================2.0
############################################
############################################
开始预测userId为=====332的准确率!
trainMapSize=====162
testMapSize======21
迭代了16次
训练集的准确率为=================0.9567901234567902
测试集的准确率为=================0.9523809523809523
测试集的均方根误差分子为=================4.0
############################################
