开始时间为===========Sat Dec 12 17:19:07 CST 2015
要预测的user大小为===========653
############################################
开始预测userId为=====338的准确率!
trainMapSize=====55
testMapSize======20
迭代了400次
训练集的准确率为=================0.9454545454545454
测试集的准确率为=================0.65
测试集的均方根误差分子为=================10.0
############################################
############################################
开始预测userId为=====339的准确率!
trainMapSize=====167
testMapSize======83
迭代了22次
训练集的准确率为=================0.9520958083832335
测试集的准确率为=================0.927710843373494
测试集的均方根误差分子为=================20.0
############################################
############################################
开始预测userId为=====332的准确率!
trainMapSize=====139
testMapSize======44
迭代了27次
训练集的准确率为=================0.9568345323741008
测试集的准确率为=================0.8863636363636364
测试集的均方根误差分子为=================20.0
############################################
############################################
开始预测userId为=====333的准确率!
trainMapSize=====18
testMapSize======8
迭代了400次
训练集的准确率为=================0.7777777777777778
测试集的准确率为=================0.625
测试集的均方根误差分子为=================3.0
############################################
############################################
开始预测userId为=====159的准确率!
trainMapSize=====86
testMapSize======18
迭代了67次
训练集的准确率为=================0.9534883720930233
测试集的准确率为=================1.0
测试集的均方根误差分子为=================0.0
############################################
############################################
开始预测userId为=====330的准确率!
trainMapSize=====105
testMapSize======41
迭代了400次
训练集的准确率为=================0.8571428571428571
测试集的准确率为=================0.8292682926829268
测试集的均方根误差分子为=================19.0
############################################
############################################
开始预测userId为=====158的准确率!
trainMapSize=====133
testMapSize======38
迭代了26次
训练集的准确率为=================0.9548872180451128
测试集的准确率为=================0.8421052631578947
测试集的均方根误差分子为=================18.0
############################################
############################################
开始预测userId为=====331的准确率!
trainMapSize=====50
testMapSize======17
迭代了100次
训练集的准确率为=================0.96
测试集的准确率为=================1.0
测试集的均方根误差分子为=================0.0
############################################
############################################
开始预测userId为=====157的准确率!
trainMapSize=====33
testMapSize======17
迭代了400次
训练集的准确率为=================0.7575757575757576
测试集的准确率为=================0.9411764705882353
测试集的均方根误差分子为=================16.0
############################################
############################################
开始预测userId为=====336的准确率!
trainMapSize=====89
testMapSize======36
迭代了138次
训练集的准确率为=================0.9550561797752809
测试集的准确率为=================0.8888888888888888
测试集的均方根误差分子为=================18.0
############################################
############################################
开始预测userId为=====156的准确率!
trainMapSize=====31
testMapSize======6
迭代了400次
训练集的准确率为=================0.9032258064516129
测试集的准确率为=================1.0
测试集的均方根误差分子为=================0.0
############################################
############################################
开始预测userId为=====337的准确率!
trainMapSize=====22
testMapSize======12
迭代了400次
训练集的准确率为=================0.6363636363636364
测试集的准确率为=================0.6666666666666666
测试集的均方根误差分子为=================16.0
############################################
############################################
开始预测userId为=====155的准确率!
trainMapSize=====19
testMapSize======2
迭代了400次
训练集的准确率为=================0.8421052631578947
测试集的准确率为=================1.0
测试集的均方根误差分子为=================0.0
############################################
############################################
开始预测userId为=====334的准确率!
trainMapSize=====230
testMapSize======92
迭代了400次
训练集的准确率为=================0.8913043478260869
测试集的准确率为=================0.7934782608695652
测试集的均方根误差分子为=================52.0
############################################
############################################
开始预测userId为=====154的准确率!
trainMapSize=====40
testMapSize======11
迭代了400次
训练集的准确率为=================0.825
测试集的准确率为=================0.6363636363636364
测试集的均方根误差分子为=================7.0
############################################
############################################
开始预测userId为=====335的准确率!
trainMapSize=====11
testMapSize======11
迭代了400次
训练集的准确率为=================0.6363636363636364
测试集的准确率为=================0.09090909090909091
测试集的均方根误差分子为=================25.0
############################################
############################################
开始预测userId为=====601的准确率!
trainMapSize=====117
testMapSize======30
迭代了57次
训练集的准确率为=================0.9572649572649573
测试集的准确率为=================0.9666666666666667
测试集的均方根误差分子为=================1.0
############################################
############################################
开始预测userId为=====531的准确率!
trainMapSize=====22
testMapSize======7
迭代了400次
训练集的准确率为=================0.9090909090909091
测试集的准确率为=================0.7142857142857143
测试集的均方根误差分子为=================20.0
############################################
############################################
开始预测userId为=====152的准确率!
trainMapSize=====74
testMapSize======30
迭代了400次
训练集的准确率为=================0.8513513513513513
测试集的准确率为=================0.9
测试集的均方根误差分子为=================9.0
############################################
############################################
开始预测userId为=====600的准确率!
trainMapSize=====67
testMapSize======22
迭代了30次
训练集的准确率为=================0.9701492537313433
测试集的准确率为=================0.9545454545454546
测试集的均方根误差分子为=================1.0
############################################
############################################
开始预测userId为=====530的准确率!
trainMapSize=====27
testMapSize======17
迭代了109次
训练集的准确率为=================0.9629629629629629
测试集的准确率为=================0.7647058823529411
测试集的均方根误差分子为=================7.0
############################################
############################################
开始预测userId为=====153的准确率!
trainMapSize=====19
testMapSize======4
迭代了400次
训练集的准确率为=================0.631578947368421
测试集的准确率为=================0.5
测试集的均方根误差分子为=================13.0
############################################
############################################
开始预测userId为=====150的准确率!
trainMapSize=====28
testMapSize======4
迭代了400次
训练集的准确率为=================0.7857142857142857
测试集的准确率为=================0.75
测试集的均方根误差分子为=================1.0
############################################
############################################
开始预测userId为=====151的准确率!
trainMapSize=====220
testMapSize======84
迭代了400次
训练集的准确率为=================0.9318181818181818
测试集的准确率为=================0.9285714285714286
测试集的均方根误差分子为=================9.0
############################################
############################################
开始预测userId为=====535的准确率!
trainMapSize=====140
testMapSize======70
迭代了33次
训练集的准确率为=================0.95
测试集的准确率为=================0.8
测试集的均方根误差分子为=================37.0
############################################
############################################
开始预测userId为=====534的准确率!
trainMapSize=====51
testMapSize======26
迭代了400次
训练集的准确率为=================0.8235294117647058
测试集的准确率为=================0.5769230769230769
测试集的均方根误差分子为=================29.0
############################################
############################################
开始预测userId为=====533的准确率!
trainMapSize=====158
testMapSize======99
迭代了400次
训练集的准确率为=================0.810126582278481
测试集的准确率为=================0.7676767676767676
测试集的均方根误差分子为=================62.0
############################################
############################################
开始预测userId为=====532的准确率!
trainMapSize=====167
testMapSize======89
迭代了9次
训练集的准确率为=================0.9580838323353293
测试集的准确率为=================0.797752808988764
测试集的均方根误差分子为=================68.0
############################################
############################################
开始预测userId为=====609的准确率!
trainMapSize=====24
testMapSize======3
迭代了400次
训练集的准确率为=================0.7083333333333334
测试集的准确率为=================1.0
测试集的均方根误差分子为=================0.0
############################################
############################################
开始预测userId为=====539的准确率!
trainMapSize=====40
testMapSize======16
迭代了400次
训练集的准确率为=================0.925
测试集的准确率为=================0.625
测试集的均方根误差分子为=================18.0
############################################
############################################
开始预测userId为=====608的准确率!
trainMapSize=====135
testMapSize======23
迭代了132次
训练集的准确率为=================0.9703703703703703
测试集的准确率为=================0.9130434782608695
测试集的均方根误差分子为=================5.0
############################################
############################################
开始预测userId为=====538的准确率!
trainMapSize=====55
testMapSize======26
迭代了400次
训练集的准确率为=================0.9272727272727272
测试集的准确率为=================0.5769230769230769
测试集的均方根误差分子为=================26.0
############################################
############################################
开始预测userId为=====607的准确率!
trainMapSize=====31
testMapSize======6
迭代了33次
训练集的准确率为=================0.967741935483871
测试集的准确率为=================0.6666666666666666
测试集的均方根误差分子为=================2.0
############################################
############################################
开始预测userId为=====537的准确率!
trainMapSize=====352
testMapSize======126
迭代了47次
训练集的准确率为=================0.9517045454545454
测试集的准确率为=================0.9206349206349206
测试集的均方根误差分子为=================10.0
############################################
############################################
开始预测userId为=====606的准确率!
trainMapSize=====205
testMapSize======30
迭代了79次
训练集的准确率为=================0.9512195121951219
测试集的准确率为=================0.9333333333333333
测试集的均方根误差分子为=================2.0
############################################
############################################
开始预测userId为=====536的准确率!
trainMapSize=====109
testMapSize======53
迭代了400次
训练集的准确率为=================0.926605504587156
测试集的准确率为=================0.8867924528301887
测试集的均方根误差分子为=================17.0
############################################
############################################
开始预测userId为=====605的准确率!
trainMapSize=====79
testMapSize======10
迭代了400次
训练集的准确率为=================0.8987341772151899
测试集的准确率为=================0.8
测试集的均方根误差分子为=================5.0
############################################
############################################
开始预测userId为=====604的准确率!
trainMapSize=====22
testMapSize======5
迭代了400次
训练集的准确率为=================0.8181818181818182
测试集的准确率为=================0.6
测试集的均方根误差分子为=================2.0
############################################
############################################
开始预测userId为=====603的准确率!
trainMapSize=====34
testMapSize======13
迭代了400次
训练集的准确率为=================0.8235294117647058
测试集的准确率为=================0.7692307692307693
测试集的均方根误差分子为=================21.0
############################################
############################################
开始预测userId为=====602的准确率!
trainMapSize=====26
testMapSize======3
迭代了400次
训练集的准确率为=================0.8846153846153846
测试集的准确率为=================1.0
测试集的均方根误差分子为=================0.0
############################################
############################################
开始预测userId为=====202的准确率!
trainMapSize=====13
testMapSize======7
迭代了400次
训练集的准确率为=================0.46153846153846156
测试集的准确率为=================0.42857142857142855
测试集的均方根误差分子为=================10.0
############################################
############################################
开始预测userId为=====349的准确率!
trainMapSize=====30
testMapSize======11
迭代了400次
训练集的准确率为=================0.8333333333333334
测试集的准确率为=================0.8181818181818182
测试集的均方根误差分子为=================8.0
############################################
############################################
开始预测userId为=====203的准确率!
trainMapSize=====33
testMapSize======10
迭代了400次
训练集的准确率为=================0.8484848484848485
测试集的准确率为=================0.4
测试集的均方根误差分子为=================30.0
############################################
############################################
开始预测userId为=====204的准确率!
trainMapSize=====34
testMapSize======7
迭代了215次
训练集的准确率为=================0.9705882352941176
测试集的准确率为=================1.0
测试集的均方根误差分子为=================0.0
############################################
############################################
开始预测userId为=====205的准确率!
trainMapSize=====16
testMapSize======6
迭代了400次
训练集的准确率为=================0.625
测试集的准确率为=================0.3333333333333333
测试集的均方根误差分子为=================7.0
############################################
############################################
开始预测userId为=====200的准确率!
trainMapSize=====159
testMapSize======56
迭代了18次
训练集的准确率为=================0.9559748427672956
测试集的准确率为=================0.7142857142857143
测试集的均方根误差分子为=================40.0
############################################
############################################
开始预测userId为=====201的准确率!
trainMapSize=====290
testMapSize======76
迭代了15次
训练集的准确率为=================0.9517241379310345
测试集的准确率为=================0.8947368421052632
测试集的均方根误差分子为=================43.0
############################################
############################################
开始预测userId为=====341的准确率!
trainMapSize=====17
testMapSize======4
迭代了400次
训练集的准确率为=================0.8823529411764706
测试集的准确率为=================0.75
测试集的均方根误差分子为=================4.0
############################################
############################################
开始预测userId为=====169的准确率!
trainMapSize=====26
testMapSize======11
迭代了400次
训练集的准确率为=================0.8846153846153846
测试集的准确率为=================0.7272727272727273
测试集的均方根误差分子为=================9.0
############################################
############################################
开始预测userId为=====342的准确率!
trainMapSize=====144
testMapSize======55
迭代了23次
训练集的准确率为=================0.9513888888888888
测试集的准确率为=================0.9272727272727272
测试集的均方根误差分子为=================12.0
############################################
############################################
开始预测userId为=====343的准确率!
trainMapSize=====166
testMapSize======69
迭代了96次
训练集的准确率为=================0.9518072289156626
测试集的准确率为=================0.8985507246376812
测试集的均方根误差分子为=================28.0
############################################
############################################
开始预测userId为=====344的准确率!
trainMapSize=====146
testMapSize======42
迭代了20次
训练集的准确率为=================0.9726027397260274
测试集的准确率为=================0.8809523809523809
测试集的均方根误差分子为=================11.0
############################################
############################################
开始预测userId为=====166的准确率!
trainMapSize=====15
testMapSize======5
迭代了400次
训练集的准确率为=================0.5333333333333333
测试集的准确率为=================0.6
测试集的均方根误差分子为=================8.0
############################################
############################################
开始预测userId为=====206的准确率!
trainMapSize=====42
testMapSize======9
迭代了351次
训练集的准确率为=================0.9523809523809523
测试集的准确率为=================1.0
测试集的均方根误差分子为=================0.0
############################################
############################################
开始预测userId为=====345的准确率!
trainMapSize=====181
testMapSize======45
迭代了27次
训练集的准确率为=================0.9502762430939227
测试集的准确率为=================0.8666666666666667
测试集的均方根误差分子为=================15.0
############################################
############################################
开始预测userId为=====165的准确率!
trainMapSize=====25
testMapSize======5
迭代了400次
训练集的准确率为=================0.92
测试集的准确率为=================1.0
测试集的均方根误差分子为=================0.0
############################################
############################################
开始预测userId为=====207的准确率!
trainMapSize=====166
testMapSize======56
迭代了400次
训练集的准确率为=================0.9337349397590361
测试集的准确率为=================0.9642857142857143
测试集的均方根误差分子为=================8.0
############################################
############################################
开始预测userId为=====346的准确率!
trainMapSize=====120
testMapSize======71
迭代了53次
训练集的准确率为=================0.95
测试集的准确率为=================0.7464788732394366
测试集的均方根误差分子为=================72.0
############################################
############################################
开始预测userId为=====168的准确率!
trainMapSize=====56
testMapSize======13
迭代了400次
训练集的准确率为=================0.9107142857142857
测试集的准确率为=================0.7692307692307693
测试集的均方根误差分子为=================9.0
############################################
############################################
开始预测userId为=====208的准确率!
trainMapSize=====26
testMapSize======7
迭代了400次
训练集的准确率为=================0.7692307692307693
测试集的准确率为=================0.5714285714285714
测试集的均方根误差分子为=================6.0
############################################
############################################
开始预测userId为=====347的准确率!
trainMapSize=====145
testMapSize======54
迭代了96次
训练集的准确率为=================0.9586206896551724
测试集的准确率为=================0.8518518518518519
测试集的均方根误差分子为=================14.0
############################################
############################################
开始预测userId为=====167的准确率!
trainMapSize=====52
testMapSize======8
迭代了338次
训练集的准确率为=================0.9615384615384616
测试集的准确率为=================0.875
测试集的均方根误差分子为=================1.0
############################################
############################################
开始预测userId为=====209的准确率!
trainMapSize=====27
testMapSize======6
迭代了400次
训练集的准确率为=================0.8518518518518519
测试集的准确率为=================0.8333333333333334
测试集的均方根误差分子为=================1.0
############################################
############################################
开始预测userId为=====348的准确率!
trainMapSize=====38
testMapSize======19
迭代了400次
训练集的准确率为=================0.8947368421052632
测试集的准确率为=================0.6842105263157895
测试集的均方根误差分子为=================9.0
############################################
############################################
开始预测userId为=====540的准确率!
trainMapSize=====49
testMapSize======14
迭代了400次
训练集的准确率为=================0.8979591836734694
测试集的准确率为=================0.5714285714285714
测试集的均方根误差分子为=================6.0
############################################
############################################
开始预测userId为=====409的准确率!
trainMapSize=====131
testMapSize======58
迭代了32次
训练集的准确率为=================0.9541984732824428
测试集的准确率为=================0.896551724137931
测试集的均方根误差分子为=================20.0
############################################
############################################
开始预测userId为=====161的准确率!
trainMapSize=====44
testMapSize======13
迭代了400次
训练集的准确率为=================0.8636363636363636
测试集的准确率为=================0.8461538461538461
测试集的均方根误差分子为=================2.0
############################################
############################################
开始预测userId为=====3的准确率!
trainMapSize=====38
testMapSize======15
迭代了400次
训练集的准确率为=================0.868421052631579
测试集的准确率为=================0.9333333333333333
测试集的均方根误差分子为=================16.0
############################################
############################################
开始预测userId为=====408的准确率!
trainMapSize=====17
testMapSize======10
迭代了400次
训练集的准确率为=================0.8823529411764706
测试集的准确率为=================0.6
测试集的均方根误差分子为=================13.0
############################################
############################################
开始预测userId为=====162的准确率!
trainMapSize=====34
testMapSize======8
迭代了400次
训练集的准确率为=================0.8235294117647058
测试集的准确率为=================0.75
测试集的均方根误差分子为=================2.0
############################################
############################################
开始预测userId为=====2的准确率!
trainMapSize=====41
testMapSize======20
迭代了26次
训练集的准确率为=================0.9512195121951219
测试集的准确率为=================0.55
测试集的均方根误差分子为=================15.0
############################################
############################################
开始预测userId为=====542的准确率!
trainMapSize=====88
testMapSize======47
迭代了45次
训练集的准确率为=================0.9545454545454546
测试集的准确率为=================0.7021276595744681
测试集的均方根误差分子为=================25.0
############################################
############################################
开始预测userId为=====163的准确率!
trainMapSize=====16
testMapSize======7
迭代了400次
训练集的准确率为=================0.875
测试集的准确率为=================0.2857142857142857
测试集的均方根误差分子为=================11.0
############################################
############################################
开始预测userId为=====1的准确率!
trainMapSize=====217
testMapSize======46
迭代了400次
训练集的准确率为=================0.9262672811059908
测试集的准确率为=================0.9130434782608695
测试集的均方根误差分子为=================18.0
############################################
############################################
开始预测userId为=====541的准确率!
trainMapSize=====98
testMapSize======34
迭代了105次
训练集的准确率为=================0.9591836734693877
测试集的准确率为=================1.0
测试集的均方根误差分子为=================0.0
############################################
############################################
开始预测userId为=====164的准确率!
trainMapSize=====47
testMapSize======16
迭代了400次
训练集的准确率为=================0.9148936170212766
测试集的准确率为=================0.75
测试集的均方根误差分子为=================13.0
############################################
############################################
开始预测userId为=====544的准确率!
trainMapSize=====23
testMapSize======7
迭代了400次
训练集的准确率为=================0.8260869565217391
测试集的准确率为=================0.5714285714285714
测试集的均方根误差分子为=================9.0
############################################
############################################
开始预测userId为=====405的准确率!
trainMapSize=====407
testMapSize======167
迭代了400次
训练集的准确率为=================0.8083538083538083
测试集的准确率为=================0.7964071856287425
测试集的均方根误差分子为=================353.0
############################################
############################################
开始预测userId为=====7的准确率!
trainMapSize=====304
testMapSize======84
迭代了22次
训练集的准确率为=================0.9506578947368421
测试集的准确率为=================0.8809523809523809
测试集的均方根误差分子为=================30.0
############################################
############################################
开始预测userId为=====543的准确率!
trainMapSize=====141
testMapSize======51
迭代了8次
训练集的准确率为=================0.9574468085106383
测试集的准确率为=================0.6666666666666666
测试集的均方根误差分子为=================32.0
############################################
############################################
开始预测userId为=====404的准确率!
trainMapSize=====24
testMapSize======18
迭代了400次
训练集的准确率为=================0.7083333333333334
测试集的准确率为=================0.7777777777777778
测试集的均方根误差分子为=================16.0
############################################
############################################
开始预测userId为=====6的准确率!
trainMapSize=====155
testMapSize======55
迭代了44次
训练集的准确率为=================0.9548387096774194
测试集的准确率为=================0.8363636363636363
测试集的均方根误差分子为=================27.0
############################################
############################################
开始预测userId为=====546的准确率!
trainMapSize=====42
testMapSize======16
迭代了400次
训练集的准确率为=================0.8333333333333334
测试集的准确率为=================0.875
测试集的均方根误差分子为=================8.0
############################################
############################################
开始预测userId为=====407的准确率!
trainMapSize=====144
testMapSize======78
迭代了89次
训练集的准确率为=================0.9513888888888888
测试集的准确率为=================0.9230769230769231
测试集的均方根误差分子为=================15.0
############################################
############################################
开始预测userId为=====5的准确率!
trainMapSize=====131
testMapSize======40
迭代了25次
训练集的准确率为=================0.9541984732824428
测试集的准确率为=================0.825
测试集的均方根误差分子为=================25.0
############################################
############################################
开始预测userId为=====340的准确率!
trainMapSize=====32
testMapSize======12
迭代了400次
训练集的准确率为=================0.78125
测试集的准确率为=================0.8333333333333334
测试集的均方根误差分子为=================10.0
############################################
############################################
开始预测userId为=====545的准确率!
trainMapSize=====115
testMapSize======47
迭代了64次
训练集的准确率为=================0.9565217391304348
测试集的准确率为=================0.8085106382978723
测试集的均方根误差分子为=================12.0
############################################
############################################
开始预测userId为=====406的准确率!
trainMapSize=====224
testMapSize======113
迭代了22次
训练集的准确率为=================0.9508928571428571
测试集的准确率为=================0.8938053097345132
测试集的均方根误差分子为=================50.0
############################################
############################################
开始预测userId为=====160的准确率!
trainMapSize=====87
testMapSize======32
迭代了34次
训练集的准确率为=================0.9540229885057471
测试集的准确率为=================0.71875
测试集的均方根误差分子为=================23.0
############################################
############################################
开始预测userId为=====4的准确率!
trainMapSize=====18
testMapSize======6
迭代了400次
训练集的准确率为=================0.7777777777777778
测试集的准确率为=================0.8333333333333334
测试集的均方根误差分子为=================1.0
############################################
############################################
开始预测userId为=====548的准确率!
trainMapSize=====115
testMapSize======39
迭代了135次
训练集的准确率为=================0.9565217391304348
测试集的准确率为=================0.7692307692307693
测试集的均方根误差分子为=================30.0
############################################
############################################
开始预测userId为=====401的准确率!
trainMapSize=====97
testMapSize======55
迭代了400次
训练集的准确率为=================0.8865979381443299
测试集的准确率为=================0.6
测试集的均方根误差分子为=================59.0
############################################
############################################
开始预测userId为=====547的准确率!
trainMapSize=====15
testMapSize======8
迭代了400次
训练集的准确率为=================0.5333333333333333
测试集的准确率为=================0.375
测试集的均方根误差分子为=================5.0
############################################
############################################
开始预测userId为=====400的准确率!
trainMapSize=====13
testMapSize======9
迭代了400次
训练集的准确率为=================0.46153846153846156
测试集的准确率为=================0.3333333333333333
测试集的均方根误差分子为=================6.0
############################################
############################################
开始预测userId为=====403的准确率!
trainMapSize=====28
testMapSize======22
迭代了400次
训练集的准确率为=================0.8928571428571429
测试集的准确率为=================0.6363636363636364
测试集的均方根误差分子为=================23.0
############################################
############################################
开始预测userId为=====9的准确率!
trainMapSize=====16
testMapSize======6
迭代了400次
训练集的准确率为=================0.9375
测试集的准确率为=================0.3333333333333333
测试集的均方根误差分子为=================7.0
############################################
############################################
开始预测userId为=====549的准确率!
trainMapSize=====19
testMapSize======6
迭代了400次
训练集的准确率为=================0.8421052631578947
测试集的准确率为=================0.5
测试集的均方根误差分子为=================3.0
############################################
############################################
开始预测userId为=====402的准确率!
trainMapSize=====43
testMapSize======25
迭代了60次
训练集的准确率为=================0.9534883720930233
测试集的准确率为=================0.52
测试集的均方根误差分子为=================24.0
############################################
############################################
开始预测userId为=====8的准确率!
trainMapSize=====46
testMapSize======12
迭代了400次
训练集的准确率为=================0.9130434782608695
测试集的准确率为=================0.75
测试集的均方根误差分子为=================6.0
############################################
############################################
开始预测userId为=====211的准确率!
trainMapSize=====28
testMapSize======7
迭代了400次
训练集的准确率为=================0.75
测试集的准确率为=================0.42857142857142855
测试集的均方根误差分子为=================7.0
############################################
############################################
开始预测userId为=====212的准确率!
trainMapSize=====19
testMapSize======6
迭代了400次
训练集的准确率为=================0.6842105263157895
测试集的准确率为=================0.6666666666666666
测试集的均方根误差分子为=================8.0
############################################
############################################
开始预测userId为=====210的准确率!
trainMapSize=====95
testMapSize======37
迭代了38次
训练集的准确率为=================0.9578947368421052
测试集的准确率为=================0.6216216216216216
测试集的均方根误差分子为=================26.0
############################################
############################################
开始预测userId为=====215的准确率!
trainMapSize=====66
testMapSize======27
迭代了400次
训练集的准确率为=================0.9090909090909091
测试集的准确率为=================0.5925925925925926
测试集的均方根误差分子为=================14.0
############################################
############################################
开始预测userId为=====318的准确率!
trainMapSize=====129
testMapSize======42
迭代了47次
训练集的准确率为=================0.9612403100775194
测试集的准确率为=================0.9523809523809523
测试集的均方根误差分子为=================5.0
############################################
############################################
开始预测userId为=====216的准确率!
trainMapSize=====102
testMapSize======29
迭代了37次
训练集的准确率为=================0.9509803921568627
测试集的准确率为=================0.6206896551724138
测试集的均方根误差分子为=================35.0
############################################
############################################
开始预测userId为=====319的准确率!
trainMapSize=====14
testMapSize======9
迭代了400次
训练集的准确率为=================0.7857142857142857
测试集的准确率为=================1.0
测试集的均方根误差分子为=================0.0
############################################
############################################
开始预测userId为=====213的准确率!
trainMapSize=====90
testMapSize======36
迭代了400次
训练集的准确率为=================0.9
测试集的准确率为=================0.8055555555555556
测试集的均方根误差分子为=================19.0
############################################
############################################
开始预测userId为=====316的准确率!
trainMapSize=====55
testMapSize======20
迭代了241次
训练集的准确率为=================0.9636363636363636
测试集的准确率为=================0.55
测试集的均方根误差分子为=================35.0
############################################
############################################
开始预测userId为=====214的准确率!
trainMapSize=====90
testMapSize======38
迭代了73次
训练集的准确率为=================0.9555555555555556
测试集的准确率为=================0.868421052631579
测试集的均方根误差分子为=================16.0
############################################
############################################
开始预测userId为=====317的准确率!
trainMapSize=====14
testMapSize======8
