开始时间为===========Wed Dec 09 10:13:36 CST 2015
############################################
开始预测userId为=====194的准确率!
trainMapSize=====233
testMapSize======41
训练集的准确率为=================0.9527896995708155
测试集的准确率为=================0.6341463414634146
测试集的均方根误差为=================0.9239364353597956
############################################
开始时间为===========Wed Dec 09 14:01:32 CST 2015
############################################
开始预测userId为=====62的准确率!
trainMapSize=====191
testMapSize======21
训练集的准确率为=================0.9581151832460733
测试集的准确率为=================0.6190476190476191
测试集的均方根误差为=================0.8997354108424374
############################################
############################################
开始预测userId为=====642的准确率!
trainMapSize=====196
testMapSize======32
训练集的准确率为=================0.9642857142857143
测试集的准确率为=================0.5
测试集的均方根误差为=================1.357847561400027
############################################
############################################
开始预测userId为=====286的准确率!
trainMapSize=====215
testMapSize======25
训练集的准确率为=================0.9534883720930233
测试集的准确率为=================0.6
测试集的均方根误差为=================1.469693845669907
############################################
############################################
开始预测userId为=====334的准确率!
trainMapSize=====249
testMapSize======36
训练集的准确率为=================0.9518072289156626
测试集的准确率为=================0.6944444444444444
测试集的均方根误差为=================0.6871842709362768
############################################
############################################
开始预测userId为=====749的准确率!
trainMapSize=====237
testMapSize======33
训练集的准确率为=================0.9535864978902954
测试集的准确率为=================0.5454545454545454
测试集的均方根误差为=================0.7385489458759964
############################################
############################################
开始预测userId为=====345的准确率!
trainMapSize=====188
testMapSize======25
训练集的准确率为=================0.9574468085106383
测试集的准确率为=================0.64
测试集的均方根误差为=================1.131370849898476
############################################
############################################
开始预测userId为=====537的准确率!
trainMapSize=====345
testMapSize======57
训练集的准确率为=================0.9507246376811594
测试集的准确率为=================0.7543859649122807
测试集的均方根误差为=================0.5923488777590924
############################################
############################################
开始预测userId为=====650的准确率!
trainMapSize=====242
testMapSize======38
训练集的准确率为=================0.9504132231404959
测试集的准确率为=================0.7368421052631579
测试集的均方根误差为=================0.5848976518656018
############################################
############################################
开始预测userId为=====342的准确率!
trainMapSize=====156
testMapSize======20
训练集的准确率为=================0.9551282051282052
测试集的准确率为=================0.5
测试集的均方根误差为=================1.161895003862225
############################################
~~~~~~~~~~~~~~~~~~~~~~~~~~~~~~~~~~~~~~~~~~~~~~~~~~~~~~~~~~~~~~~~~
总的准确率平均为:0.6211305199024497
总的均方根误差平均为:0.9581691575677822
结束时间为===========Wed Dec 09 14:41:46 CST 2015
总耗时为 40 分钟
