开始时间为===========Mon Dec 07 08:58:10 CST 2015
测试数据总大小为===========943
要预测的user大小为===========148
############################################
开始预测userId为=====18的准确率!
trainMapSize=====218
testMapSize======29
训练集的准确率为=================0.9311926605504587
测试集的准确率为=================0.4827586206896552
############################################
############################################
开始预测userId为=====535的准确率!
trainMapSize=====179
testMapSize======16
训练集的准确率为=================0.9106145251396648
测试集的准确率为=================0.6875
############################################
############################################
开始预测userId为=====87的准确率!
trainMapSize=====166
testMapSize======16
训练集的准确率为=================0.9156626506024096
测试集的准确率为=================0.75
############################################
############################################
开始预测userId为=====339的准确率!
trainMapSize=====197
testMapSize======32
训练集的准确率为=================0.9086294416243654
测试集的准确率为=================0.5625
############################################
############################################
开始预测userId为=====643的准确率!
trainMapSize=====165
testMapSize======34
训练集的准确率为=================0.9090909090909091
测试集的准确率为=================0.5882352941176471
############################################
############################################
开始预测userId为=====660的准确率!
trainMapSize=====173
testMapSize======28
训练集的准确率为=================0.9132947976878613
测试集的准确率为=================0.6785714285714286
############################################
############################################
开始预测userId为=====932的准确率!
trainMapSize=====177
testMapSize======24
训练集的准确率为=================0.903954802259887
测试集的准确率为=================0.7916666666666666
############################################
############################################
开始预测userId为=====49的准确率!
trainMapSize=====166
testMapSize======12
训练集的准确率为=================0.9156626506024096
测试集的准确率为=================0.4166666666666667
############################################
############################################
开始预测userId为=====280的准确率!
trainMapSize=====199
testMapSize======22
训练集的准确率为=================0.9195979899497487
测试集的准确率为=================0.5909090909090909
############################################
############################################
开始预测userId为=====653的准确率!
trainMapSize=====214
testMapSize======36
训练集的准确率为=================0.9018691588785047
测试集的准确率为=================0.6111111111111112
############################################
############################################
开始预测userId为=====194的准确率!
trainMapSize=====250
testMapSize======24
训练集的准确率为=================0.9
测试集的准确率为=================0.625
############################################
############################################
开始预测userId为=====62的准确率!
trainMapSize=====183
testMapSize======29
训练集的准确率为=================0.9016393442622951
测试集的准确率为=================0.6896551724137931
############################################
############################################
开始预测userId为=====642的准确率!
trainMapSize=====199
testMapSize======29
训练集的准确率为=================0.9045226130653267
测试集的准确率为=================0.7241379310344828
############################################
############################################
开始预测userId为=====286的准确率!
trainMapSize=====199
testMapSize======41
训练集的准确率为=================0.9095477386934674
测试集的准确率为=================0.7560975609756098
############################################
############################################
开始预测userId为=====334的准确率!
trainMapSize=====256
testMapSize======29
训练集的准确率为=================0.90625
测试集的准确率为=================0.7586206896551724
############################################
############################################
开始预测userId为=====749的准确率!
trainMapSize=====232
testMapSize======38
训练集的准确率为=================0.9051724137931034
测试集的准确率为=================0.5789473684210527
############################################
############################################
开始预测userId为=====345的准确率!
trainMapSize=====180
testMapSize======33
训练集的准确率为=================0.9
测试集的准确率为=================0.7272727272727273
############################################
############################################
开始预测userId为=====537的准确率!
trainMapSize=====353
testMapSize======49
训练集的准确率为=================0.9008498583569405
测试集的准确率为=================0.7551020408163265
############################################
############################################
开始预测userId为=====650的准确率!
trainMapSize=====254
testMapSize======26
训练集的准确率为=================0.905511811023622
测试集的准确率为=================0.6538461538461539
############################################
############################################
开始预测userId为=====342的准确率!
trainMapSize=====157
testMapSize======19
训练集的准确率为=================0.9044585987261147
测试集的准确率为=================0.47368421052631576
############################################
############################################
开始预测userId为=====60的准确率!
trainMapSize=====169
testMapSize======13
训练集的准确率为=================0.8698224852071006
测试集的准确率为=================0.46153846153846156
############################################
############################################
开始预测userId为=====13的准确率!
trainMapSize=====420
testMapSize======52
训练集的准确率为=================0.9023809523809524
测试集的准确率为=================0.7115384615384616
############################################
############################################
开始预测userId为=====655的准确率!
trainMapSize=====383
testMapSize======43
训练集的准确率为=================0.9033942558746736
测试集的准确率为=================0.6976744186046512
############################################
############################################
开始预测userId为=====314的准确率!
trainMapSize=====157
testMapSize======23
训练集的准确率为=================0.9044585987261147
测试集的准确率为=================0.6521739130434783
############################################
############################################
开始预测userId为=====311的准确率!
trainMapSize=====231
testMapSize======34
训练集的准确率为=================0.9004329004329005
测试集的准确率为=================0.6470588235294118
############################################
############################################
开始预测userId为=====313的准确率!
trainMapSize=====215
testMapSize======33
训练集的准确率为=================0.9069767441860465
测试集的准确率为=================0.7575757575757576
############################################
############################################
开始预测userId为=====648的准确率!
trainMapSize=====228
testMapSize======29
训练集的准确率为=================0.9035087719298246
测试集的准确率为=================0.5172413793103449
############################################
############################################
开始预测userId为=====7的准确率!
trainMapSize=====289
testMapSize======45
训练集的准确率为=================0.903114186851211
测试集的准确率为=================0.5333333333333333
############################################
############################################
开始预测userId为=====1的准确率!
trainMapSize=====205
testMapSize======36
训练集的准确率为=================0.9073170731707317
测试集的准确率为=================0.6944444444444444
############################################
############################################
开始预测userId为=====707的准确率!
trainMapSize=====155
testMapSize======21
训练集的准确率为=================0.9032258064516129
测试集的准确率为=================0.38095238095238093
############################################
############################################
开始预测userId为=====43的准确率!
trainMapSize=====188
testMapSize======20
训练集的准确率为=================0.8457446808510638
测试集的准确率为=================0.55
############################################
############################################
开始预测userId为=====711的准确率!
trainMapSize=====172
testMapSize======21
训练集的准确率为=================0.9069767441860465
测试集的准确率为=================0.5714285714285714
############################################
############################################
开始预测userId为=====532的准确率!
trainMapSize=====188
testMapSize======26
训练集的准确率为=================0.8723404255319149
测试集的准确率为=================0.8076923076923077
############################################
############################################
开始预测userId为=====487的准确率!
trainMapSize=====187
testMapSize======24
训练集的准确率为=================0.8823529411764706
测试集的准确率为=================0.8333333333333334
############################################
############################################
开始预测userId为=====312的准确率!
trainMapSize=====163
testMapSize======22
训练集的准确率为=================0.7668711656441718
测试集的准确率为=================0.6363636363636364
############################################
############################################
开始预测userId为=====6的准确率!
trainMapSize=====174
testMapSize======24
训练集的准确率为=================0.8390804597701149
测试集的准确率为=================0.5416666666666666
############################################
############################################
开始预测userId为=====343的准确率!
trainMapSize=====196
testMapSize======21
训练集的准确率为=================0.8622448979591837
测试集的准确率为=================0.6666666666666666
############################################
############################################
开始预测userId为=====727的准确率!
trainMapSize=====241
testMapSize======36
训练集的准确率为=================0.9004149377593361
测试集的准确率为=================0.6944444444444444
############################################
############################################
开始预测userId为=====305的准确率!
trainMapSize=====181
testMapSize======19
训练集的准确率为=================0.9005524861878453
测试集的准确率为=================0.7894736842105263
############################################
############################################
开始预测userId为=====308的准确率!
trainMapSize=====307
testMapSize======43
训练集的准确率为=================0.9055374592833876
测试集的准确率为=================0.6744186046511628
############################################
############################################
开始预测userId为=====59的准确率!
trainMapSize=====305
testMapSize======44
训练集的准确率为=================0.9016393442622951
测试集的准确率为=================0.7954545454545454
############################################
############################################
开始预测userId为=====747的准确率!
trainMapSize=====211
testMapSize======37
训练集的准确率为=================0.8578199052132701
测试集的准确率为=================0.7027027027027027
############################################
############################################
开始预测userId为=====716的准确率!
trainMapSize=====227
testMapSize======24
训练集的准确率为=================0.9030837004405287
测试集的准确率为=================0.7083333333333334
############################################
############################################
开始预测userId为=====85的准确率!
trainMapSize=====217
testMapSize======37
训练集的准确率为=================0.8571428571428571
测试集的准确率为=================0.5945945945945946
############################################
############################################
开始预测userId为=====328的准确率!
trainMapSize=====197
testMapSize======40
训练集的准确率为=================0.9035532994923858
测试集的准确率为=================0.625
############################################
############################################
开始预测userId为=====666的准确率!
trainMapSize=====207
testMapSize======16
训练集的准确率为=================0.855072463768116
测试集的准确率为=================0.6875
############################################
############################################
开始预测userId为=====495的准确率!
trainMapSize=====175
testMapSize======16
训练集的准确率为=================0.8628571428571429
测试集的准确率为=================0.5625
############################################
############################################
开始预测userId为=====303的准确率!
trainMapSize=====339
testMapSize======46
训练集的准确率为=================0.9056047197640118
测试集的准确率为=================0.8260869565217391
############################################
############################################
开始预测userId为=====919的准确率!
trainMapSize=====166
testMapSize======23
训练集的准确率为=================0.8795180722891566
测试集的准确率为=================0.7391304347826086
############################################
############################################
开始预测userId为=====782的准确率!
trainMapSize=====93
testMapSize======14
训练集的准确率为=================0.8709677419354839
测试集的准确率为=================0.8571428571428571
############################################
############################################
开始预测userId为=====916的准确率!
trainMapSize=====254
testMapSize======32
训练集的准确率为=================0.905511811023622
测试集的准确率为=================0.59375
############################################
############################################
开始预测userId为=====533的准确率!
trainMapSize=====214
testMapSize======33
训练集的准确率为=================0.7616822429906542
测试集的准确率为=================0.48484848484848486
############################################
############################################
开始预测userId为=====774的准确率!
trainMapSize=====175
testMapSize======22
训练集的准确率为=================0.9028571428571428
测试集的准确率为=================0.7727272727272727
############################################
############################################
开始预测userId为=====389的准确率!
trainMapSize=====205
testMapSize======33
训练集的准确率为=================0.9121951219512195
测试集的准确率为=================0.7272727272727273
############################################
############################################
开始预测userId为=====385的准确率!
trainMapSize=====195
testMapSize======25
训练集的准确率为=================0.9025641025641026
测试集的准确率为=================0.8
############################################
############################################
开始预测userId为=====354的准确率!
trainMapSize=====185
testMapSize======22
训练集的准确率为=================0.9027027027027027
测试集的准确率为=================0.7272727272727273
############################################
############################################
开始预测userId为=====588的准确率!
trainMapSize=====187
testMapSize======15
训练集的准确率为=================0.9090909090909091
测试集的准确率为=================0.8666666666666667
############################################
############################################
开始预测userId为=====373的准确率!
trainMapSize=====189
testMapSize======21
训练集的准确率为=================0.9047619047619048
测试集的准确率为=================0.47619047619047616
############################################
############################################
开始预测userId为=====798的准确率!
trainMapSize=====157
testMapSize======15
训练集的准确率为=================0.8598726114649682
测试集的准确率为=================0.7333333333333333
############################################
############################################
开始预测userId为=====387的准确率!
trainMapSize=====230
testMapSize======35
训练集的准确率为=================0.9
测试集的准确率为=================0.6285714285714286
############################################
############################################
开始预测userId为=====363的准确率!
trainMapSize=====221
testMapSize======49
训练集的准确率为=================0.9095022624434389
测试集的准确率为=================0.6122448979591837
############################################
############################################
开始预测userId为=====200的准确率!
trainMapSize=====173
testMapSize======22
训练集的准确率为=================0.9132947976878613
测试集的准确率为=================0.6818181818181818
############################################
############################################
开始预测userId为=====796的准确率!
trainMapSize=====280
testMapSize======29
训练集的准确率为=================0.9035714285714286
测试集的准确率为=================0.8620689655172413
############################################
############################################
开始预测userId为=====151的准确率!
trainMapSize=====240
testMapSize======37
训练集的准确率为=================0.9
测试集的准确率为=================0.8108108108108109
############################################
############################################
开始预测userId为=====506的准确率!
trainMapSize=====187
testMapSize======31
训练集的准确率为=================0.9037433155080213
测试集的准确率为=================0.6774193548387096
############################################
############################################
开始预测userId为=====524的准确率!
trainMapSize=====229
testMapSize======41
训练集的准确率为=================0.9082969432314411
测试集的准确率为=================0.7073170731707317
############################################
############################################
开始预测userId为=====561的准确率!
trainMapSize=====270
testMapSize======42
训练集的准确率为=================0.9074074074074074
测试集的准确率为=================0.7857142857142857
############################################
############################################
开始预测userId为=====500的准确率!
trainMapSize=====162
testMapSize======30
训练集的准确率为=================0.8765432098765432
测试集的准确率为=================0.7666666666666667
############################################
############################################
开始预测userId为=====804的准确率!
trainMapSize=====255
testMapSize======42
训练集的准确率为=================0.9019607843137255
测试集的准确率为=================0.5952380952380952
############################################
############################################
开始预测userId为=====805的准确率!
trainMapSize=====213
testMapSize======35
训练集的准确率为=================0.9061032863849765
测试集的准确率为=================0.8285714285714286
############################################
############################################
开始预测userId为=====327的准确率!
trainMapSize=====221
testMapSize======34
训练集的准确率为=================0.8506787330316742
测试集的准确率为=================0.5588235294117647
############################################
############################################
开始预测userId为=====807的准确率!
trainMapSize=====155
testMapSize======16
训练集的准确率为=================0.9032258064516129
测试集的准确率为=================0.5
############################################
############################################
开始预测userId为=====301的准确率!
trainMapSize=====230
testMapSize======31
训练集的准确率为=================0.9
测试集的准确率为=================0.5161290322580645
############################################
############################################
开始预测userId为=====606的准确率!
trainMapSize=====197
testMapSize======22
训练集的准确率为=================0.9086294416243654
测试集的准确率为=================0.6818181818181818
############################################
############################################
开始预测userId为=====788的准确率!
trainMapSize=====193
testMapSize======19
训练集的准确率为=================0.8497409326424871
测试集的准确率为=================0.631578947368421
############################################
############################################
开始预测userId为=====790的准确率!
trainMapSize=====179
testMapSize======26
训练集的准确率为=================0.9050279329608939
测试集的准确率为=================0.5384615384615384
############################################
############################################
开始预测userId为=====207的准确率!
trainMapSize=====182
testMapSize======23
训练集的准确率为=================0.9010989010989011
测试集的准确率为=================0.6521739130434783
############################################
############################################
开始预测userId为=====406的准确率!
trainMapSize=====274
testMapSize======30
训练集的准确率为=================0.9014598540145985
测试集的准确率为=================0.7666666666666667
############################################
############################################
开始预测userId为=====374的准确率!
trainMapSize=====201
testMapSize======33
训练集的准确率为=================0.900497512437811
测试集的准确率为=================0.696969696969697
############################################
############################################
开始预测userId为=====504的准确率!
trainMapSize=====182
testMapSize======18
训练集的准确率为=================0.8901098901098901
测试集的准确率为=================0.7777777777777778
############################################
############################################
开始预测userId为=====622的准确率!
trainMapSize=====172
testMapSize======24
训练集的准确率为=================0.9127906976744186
测试集的准确率为=================0.6666666666666666
############################################
############################################
开始预测userId为=====417的准确率!
trainMapSize=====271
testMapSize======35
训练集的准确率为=================0.9040590405904059
测试集的准确率为=================0.6571428571428571
############################################
############################################
开始预测userId为=====184的准确率!
trainMapSize=====192
testMapSize======26
训练集的准确率为=================0.9010416666666666
测试集的准确率为=================0.7692307692307693
############################################
############################################
开始预测userId为=====409的准确率!
trainMapSize=====143
testMapSize======22
训练集的准确率为=================0.8391608391608392
测试集的准确率为=================0.6818181818181818
############################################
############################################
开始预测userId为=====846的准确率!
trainMapSize=====288
testMapSize======41
训练集的准确率为=================0.90625
测试集的准确率为=================0.6829268292682927
############################################
############################################
开始预测userId为=====178的准确率!
trainMapSize=====223
testMapSize======32
训练集的准确率为=================0.905829596412556
测试集的准确率为=================0.65625
############################################
############################################
开始预测userId为=====181的准确率!
trainMapSize=====190
testMapSize======24
训练集的准确率为=================0.9
测试集的准确率为=================0.7083333333333334
############################################
############################################
开始预测userId为=====429的准确率!
trainMapSize=====317
testMapSize======46
训练集的准确率为=================0.9053627760252366
测试集的准确率为=================0.717391304347826
############################################
############################################
开始预测userId为=====399的准确率!
trainMapSize=====219
testMapSize======42
训练集的准确率为=================0.730593607305936
测试集的准确率为=================0.5476190476190477
############################################
############################################
开始预测userId为=====618的准确率!
trainMapSize=====174
testMapSize======25
训练集的准确率为=================0.9080459770114943
测试集的准确率为=================0.56
############################################
############################################
开始预测userId为=====833的准确率!
trainMapSize=====203
testMapSize======22
训练集的准确率为=================0.9211822660098522
测试集的准确率为=================0.6363636363636364
############################################
############################################
开始预测userId为=====437的准确率!
trainMapSize=====205
testMapSize======30
训练集的准确率为=================0.9024390243902439
测试集的准确率为=================0.8
############################################
############################################
开始预测userId为=====868的准确率!
trainMapSize=====155
testMapSize======29
训练集的准确率为=================0.9032258064516129
测试集的准确率为=================0.7586206896551724
############################################
############################################
开始预测userId为=====222的准确率!
trainMapSize=====283
testMapSize======38
训练集的准确率为=================0.9081272084805654
测试集的准确率为=================0.7631578947368421
############################################
############################################
开始预测userId为=====864的准确率!
trainMapSize=====243
testMapSize======22
训练集的准确率为=================0.9012345679012346
测试集的准确率为=================0.6363636363636364
############################################
############################################
开始预测userId为=====425的准确率!
trainMapSize=====155
testMapSize======21
训练集的准确率为=================0.9032258064516129
测试集的准确率为=================0.47619047619047616
############################################
############################################
开始预测userId为=====454的准确率!
trainMapSize=====185
testMapSize======31
训练集的准确率为=================0.9027027027027027
测试集的准确率为=================0.7419354838709677
############################################
############################################
开始预测userId为=====435的准确率!
trainMapSize=====283
testMapSize======48
训练集的准确率为=================0.901060070671378
测试集的准确率为=================0.6666666666666666
############################################
############################################
开始预测userId为=====407的准确率!
trainMapSize=====181
testMapSize======32
训练集的准确率为=================0.8839779005524862
测试集的准确率为=================0.59375
############################################
############################################
开始预测userId为=====843的准确率!
trainMapSize=====167
testMapSize======22
训练集的准确率为=================0.9041916167664671
测试集的准确率为=================0.8636363636363636
############################################
############################################
开始预测userId为=====452的准确率!
trainMapSize=====148
testMapSize======38
训练集的准确率为=================0.9054054054054054
测试集的准确率为=================0.7894736842105263
############################################
############################################
开始预测userId为=====851的准确率!
trainMapSize=====145
testMapSize======19
训练集的准确率为=================0.9103448275862069
测试集的准确率为=================0.6842105263157895
############################################
############################################
开始预测userId为=====883的准确率!
trainMapSize=====206
testMapSize======21
训练集的准确率为=================0.9029126213592233
测试集的准确率为=================0.6190476190476191
############################################
############################################
开始预测userId为=====450的准确率!
trainMapSize=====374
testMapSize======50
训练集的准确率为=================0.9037433155080213
测试集的准确率为=================0.76
############################################
############################################
开始预测userId为=====405的准确率!
trainMapSize=====318
testMapSize======55
训练集的准确率为=================0.9119496855345912
测试集的准确率为=================0.5818181818181818
############################################
############################################
开始预测userId为=====880的准确率!
trainMapSize=====264
testMapSize======30
训练集的准确率为=================0.9053030303030303
测试集的准确率为=================0.7
############################################
############################################
开始预测userId为=====886的准确率!
trainMapSize=====183
testMapSize======32
训练集的准确率为=================0.907103825136612
测试集的准确率为=================0.65625
############################################
############################################
开始预测userId为=====892的准确率!
trainMapSize=====183
testMapSize======24
训练集的准确率为=================0.9016393442622951
测试集的准确率为=================0.4166666666666667
############################################
############################################
开始预测userId为=====854的准确率!
trainMapSize=====174
testMapSize======23
训练集的准确率为=================0.9022988505747126
测试集的准确率为=================0.6956521739130435
############################################
############################################
开始预测userId为=====456的准确率!
trainMapSize=====152
testMapSize======30
训练集的准确率为=================0.8881578947368421
测试集的准确率为=================0.6666666666666666
############################################
############################################
开始预测userId为=====551的准确率!
trainMapSize=====261
testMapSize======34
训练集的准确率为=================0.89272030651341
测试集的准确率为=================0.7058823529411765
############################################
############################################
开始预测userId为=====393的准确率!
trainMapSize=====307
testMapSize======33
训练集的准确率为=================0.9022801302931596
测试集的准确率为=================0.696969696969697
############################################
############################################
开始预测userId为=====416的准确率!
trainMapSize=====361
testMapSize======36
训练集的准确率为=================0.9002770083102493
测试集的准确率为=================0.7222222222222222
############################################
############################################
开始预测userId为=====592的准确率!
trainMapSize=====279
testMapSize======25
训练集的准确率为=================0.899641577060932
测试集的准确率为=================0.8
############################################
############################################
开始预测userId为=====881的准确率!
trainMapSize=====209
testMapSize======26
训练集的准确率为=================0.9043062200956937
测试集的准确率为=================0.5769230769230769
############################################
############################################
开始预测userId为=====682的准确率!
trainMapSize=====285
testMapSize======53
训练集的准确率为=================0.9017543859649123
测试集的准确率为=================0.660377358490566
############################################
############################################
开始预测userId为=====109的准确率!
trainMapSize=====180
testMapSize======34
训练集的准确率为=================0.9055555555555556
测试集的准确率为=================0.6470588235294118
############################################
############################################
开始预测userId为=====472的准确率!
trainMapSize=====202
testMapSize======28
训练集的准确率为=================0.900990099009901
测试集的准确率为=================0.7142857142857143
############################################
############################################
开始预测userId为=====276的准确率!
trainMapSize=====360
testMapSize======51
训练集的准确率为=================0.9
测试集的准确率为=================0.7843137254901961
############################################
############################################
开始预测userId为=====144的准确率!
trainMapSize=====171
testMapSize======20
训练集的准确率为=================0.8128654970760234
测试集的准确率为=================0.55
############################################
############################################
开始预测userId为=====894的准确率!
trainMapSize=====163
testMapSize======22
训练集的准确率为=================0.901840490797546
测试集的准确率为=================0.6818181818181818
############################################
############################################
开始预测userId为=====758的准确率!
trainMapSize=====282
testMapSize======30
训练集的准确率为=================0.900709219858156
测试集的准确率为=================0.6333333333333333
############################################
############################################
开始预测userId为=====145的准确率!
trainMapSize=====217
testMapSize======35
训练集的准确率为=================0.9032258064516129
测试集的准确率为=================0.8571428571428571
############################################
############################################
开始预测userId为=====102的准确率!
trainMapSize=====175
testMapSize======22
训练集的准确率为=================0.9257142857142857
测试集的准确率为=================0.8636363636363636
############################################
############################################
开始预测userId为=====870的准确率!
trainMapSize=====210
testMapSize======28
训练集的准确率为=================0.9047619047619048
测试集的准确率为=================0.5714285714285714
############################################
############################################
开始预测userId为=====457的准确率!
trainMapSize=====220
testMapSize======36
训练集的准确率为=================0.9
测试集的准确率为=================0.8611111111111112
############################################
############################################
开始预测userId为=====497的准确率!
trainMapSize=====202
testMapSize======36
训练集的准确率为=================0.900990099009901
测试集的准确率为=================0.8333333333333334
############################################
############################################
开始预测userId为=====293的准确率!
trainMapSize=====298
testMapSize======50
训练集的准确率为=================0.9228187919463087
测试集的准确率为=================0.7
############################################
############################################
开始预测userId为=====256的准确率!
trainMapSize=====155
testMapSize======16
训练集的准确率为=================0.9096774193548387
测试集的准确率为=================0.875
############################################
############################################
开始预测userId为=====94的准确率!
trainMapSize=====295
testMapSize======47
训练集的准确率为=================0.911864406779661
测试集的准确率为=================0.7872340425531915
############################################
############################################
开始预测userId为=====378的准确率!
trainMapSize=====280
testMapSize======43
训练集的准确率为=================0.8857142857142857
测试集的准确率为=================0.6976744186046512
############################################
############################################
开始预测userId为=====474的准确率!
trainMapSize=====258
testMapSize======42
训练集的准确率为=================0.9031007751937985
测试集的准确率为=================0.7380952380952381
############################################
############################################
开始预测userId为=====234的准确率!
trainMapSize=====319
testMapSize======51
训练集的准确率为=================0.9028213166144201
测试集的准确率为=================0.803921568627451
############################################
############################################
开始预测userId为=====201的准确率!
trainMapSize=====262
testMapSize======43
训练集的准确率为=================0.9045801526717557
测试集的准确率为=================0.8372093023255814
############################################
############################################
开始预测userId为=====95的准确率!
trainMapSize=====207
testMapSize======34
训练集的准确率为=================0.9130434782608695
测试集的准确率为=================0.7352941176470589
############################################
############################################
开始预测userId为=====896的准确率!
trainMapSize=====280
testMapSize======31
训练集的准确率为=================0.9
测试集的准确率为=================0.6451612903225806
############################################
############################################
开始预测userId为=====92的准确率!
trainMapSize=====304
testMapSize======31
训练集的准确率为=================0.9046052631578947
测试集的准确率为=================0.6451612903225806
############################################
############################################
开始预测userId为=====271的准确率!
trainMapSize=====226
testMapSize======35
训练集的准确率为=================0.9026548672566371
测试集的准确率为=================0.7142857142857143
############################################
############################################
开始预测userId为=====269的准确率!
trainMapSize=====244
testMapSize======36
训练集的准确率为=================0.9098360655737705
测试集的准确率为=================0.7777777777777778
############################################
############################################
开始预测userId为=====244的准确率!
trainMapSize=====182
testMapSize======30
训练集的准确率为=================0.9065934065934066
测试集的准确率为=================0.5333333333333333
############################################
############################################
开始预测userId为=====279的准确率!
trainMapSize=====266
testMapSize======34
训练集的准确率为=================0.9135338345864662
测试集的准确率为=================0.7058823529411765
############################################
############################################
开始预测userId为=====291的准确率!
trainMapSize=====197
testMapSize======32
训练集的准确率为=================0.9035532994923858
测试集的准确率为=================0.8125
############################################
############################################
开始预测userId为=====268的准确率!
trainMapSize=====252
testMapSize======32
训练集的准确率为=================0.9047619047619048
测试集的准确率为=================0.59375
############################################
############################################
开始预测userId为=====479的准确率!
trainMapSize=====169
testMapSize======19
训练集的准确率为=================0.7988165680473372
测试集的准确率为=================0.47368421052631576
############################################
############################################
开始预测userId为=====130的准确率!
trainMapSize=====255
testMapSize======31
训练集的准确率为=================0.9019607843137255
测试集的准确率为=================0.6774193548387096
############################################
############################################
开始预测userId为=====889的准确率!
trainMapSize=====256
testMapSize======30
训练集的准确率为=================0.875
测试集的准确率为=================0.7
############################################
############################################
开始预测userId为=====299的准确率!
trainMapSize=====217
testMapSize======17
训练集的准确率为=================0.8709677419354839
测试集的准确率为=================0.47058823529411764
############################################
############################################
开始预测userId为=====90的准确率!
trainMapSize=====205
testMapSize======36
训练集的准确率为=================0.7853658536585366
测试集的准确率为=================0.7222222222222222
############################################
~~~~~~~~~~~~~~~~~~~~~~~~~~~~~~~~~~~~~~~~~~~~~~~~~~~~~~~~~~~~~~~~~
总的预测准确率平均为:0.6772873659218991
		<0.2		0.2~0.4		0.4~0.6		0.6~0.8		0.8~1.0
		0		1		36		91		20
结束时间为===========Mon Dec 07 13:25:41 CST 2015
总耗时为 267 分钟
