开始时间为===========Tue Dec 08 13:53:38 CST 2015
############################################
开始预测userId为=====18的准确率!
trainMapSize=====211
testMapSize======36
训练集的准确率为=================0.957345971563981
测试集的准确率为=================0.8333333333333334
############################################
############################################
开始预测userId为=====535的准确率!
trainMapSize=====170
testMapSize======25
训练集的准确率为=================0.9529411764705882
测试集的准确率为=================0.8
############################################
############################################
开始预测userId为=====87的准确率!
trainMapSize=====157
testMapSize======25
训练集的准确率为=================0.9554140127388535
测试集的准确率为=================0.44
############################################
############################################
开始预测userId为=====339的准确率!
trainMapSize=====197
testMapSize======32
训练集的准确率为=================0.9543147208121827
测试集的准确率为=================0.875
############################################
############################################
开始预测userId为=====643的准确率!
trainMapSize=====168
testMapSize======31
训练集的准确率为=================0.9523809523809523
测试集的准确率为=================0.8064516129032258
############################################
~~~~~~~~~~~~~~~~~~~~~~~~~~~~~~~~~~~~~~~~~~~~~~~~~~~~~~~~~~~~~~~~~
总的预测准确率平均为:0.0
结束时间为===========Tue Dec 08 16:18:51 CST 2015
总耗时为 145 分钟
开始时间为===========Tue Dec 08 16:45:50 CST 2015
############################################
开始预测userId为=====660的准确率!
trainMapSize=====176
testMapSize======25
训练集的准确率为=================0.9545454545454546
测试集的准确率为=================0.8
############################################
开始时间为===========Tue Dec 08 18:33:45 CST 2015
开始时间为===========Tue Dec 08 20:48:21 CST 2015
############################################
开始预测userId为=====660的准确率!
trainMapSize=====176
testMapSize======25
训练集的准确率为=================0.9545454545454546
测试集的均方根误差为=================0.64
############################################
开始时间为===========Tue Dec 08 21:20:25 CST 2015
############################################
开始预测userId为=====660的准确率!
trainMapSize=====175
testMapSize======26
训练集的准确率为=================0.9542857142857143
测试集的准确率为=================0.7307692307692307
测试集的均方根误差为=================1.0
############################################
############################################
开始预测userId为=====932的准确率!
trainMapSize=====171
testMapSize======30
训练集的准确率为=================0.9532163742690059
测试集的准确率为=================0.7333333333333333
测试集的均方根误差为=================0.9128709291752769
############################################
############################################
开始预测userId为=====49的准确率!
trainMapSize=====161
testMapSize======17
训练集的准确率为=================0.9503105590062112
测试集的准确率为=================0.8235294117647058
测试集的均方根误差为=================0.8043996665398437
############################################
############################################
开始预测userId为=====280的准确率!
trainMapSize=====199
testMapSize======22
训练集的准确率为=================0.9547738693467337
测试集的准确率为=================0.6818181818181818
测试集的均方根误差为=================1.4770978917519928
############################################
############################################
开始预测userId为=====653的准确率!
trainMapSize=====217
testMapSize======33
训练集的准确率为=================0.9585253456221198
测试集的准确率为=================0.7575757575757576
测试集的均方根误差为=================0.778498944161523
############################################
开始时间为===========Tue Dec 08 22:41:54 CST 2015
############################################
开始预测userId为=====18的准确率!
trainMapSize=====226
testMapSize======21
训练集的准确率为=================0.9601769911504425
测试集的准确率为=================0.8095238095238095
测试集的均方根误差为=================0.6900655593423543
############################################
############################################
开始预测userId为=====535的准确率!
trainMapSize=====177
testMapSize======18
训练集的准确率为=================0.9548022598870056
测试集的准确率为=================0.6666666666666666
测试集的均方根误差为=================1.130388330520878
############################################
############################################
开始预测userId为=====87的准确率!
trainMapSize=====164
testMapSize======18
训练集的准确率为=================0.9512195121951219
测试集的准确率为=================0.8333333333333334
测试集的均方根误差为=================0.7817359599705717
############################################
############################################
开始预测userId为=====339的准确率!
trainMapSize=====207
testMapSize======22
训练集的准确率为=================0.9516908212560387
测试集的准确率为=================0.6363636363636364
测试集的均方根误差为=================0.7977240352174656
############################################
开始时间为===========Wed Dec 09 09:38:06 CST 2015
############################################
开始预测userId为=====643的准确率!
trainMapSize=====169
testMapSize======30
训练集的准确率为=================0.9526627218934911
测试集的准确率为=================0.6666666666666666
测试集的均方根误差为=================0.7302967433402214
############################################
~~~~~~~~~~~~~~~~~~~~~~~~~~~~~~~~~~~~~~~~~~~~~~~~~~~~~~~~~~~~~~~~~
总的准确率平均为:0.6666666666666666
总的均方根误差平均为:0.7302967433402214
结束时间为===========Wed Dec 09 10:09:17 CST 2015
总耗时为 31 分钟


