开始时间为===========Sat Dec 12 11:43:49 CST 2015
############################################
开始预测userId为=====533的准确率!
trainMapSize=====228
testMapSize======32
迭代了400次
训练集的准确率为=================0.8157894736842105
测试集的准确率为=================0.65625
测试集的均方根误差为=================0.9682458365518543
############################################
############################################
开始预测userId为=====660的准确率!
trainMapSize=====197
testMapSize======27
迭代了47次
训练集的准确率为=================0.9543147208121827
测试集的准确率为=================0.8888888888888888
测试集的均方根误差为=================0.3333333333333333
############################################
############################################
开始预测userId为=====932的准确率!
trainMapSize=====211
testMapSize======30
迭代了400次
训练集的准确率为=================0.9478672985781991
测试集的准确率为=================0.7333333333333333
测试集的均方根误差为=================0.9128709291752769
############################################
############################################
开始预测userId为=====49的准确率!
trainMapSize=====186
testMapSize======29
迭代了9次
训练集的准确率为=================0.956989247311828
测试集的准确率为=================0.9655172413793104
测试集的均方根误差为=================0.18569533817705186
############################################
############################################
开始预测userId为=====280的准确率!
trainMapSize=====228
testMapSize======30
迭代了27次
训练集的准确率为=================0.9517543859649122
测试集的准确率为=================0.9666666666666667
测试集的均方根误差为=================0.18257418583505536
############################################
############################################
开始预测userId为=====653的准确率!
trainMapSize=====249
testMapSize======34
迭代了40次
训练集的准确率为=================0.9558232931726908
测试集的准确率为=================0.8235294117647058
测试集的均方根误差为=================0.7669649888473704
############################################
############################################
开始预测userId为=====18的准确率!
trainMapSize=====237
testMapSize======40
迭代了14次
训练集的准确率为=================0.9535864978902954
测试集的准确率为=================0.9
测试集的均方根误差为=================0.31622776601683794
############################################
############################################
开始预测userId为=====535的准确率!
trainMapSize=====184
testMapSize======34
迭代了68次
训练集的准确率为=================0.9510869565217391
测试集的准确率为=================0.8823529411764706
测试集的均方根误差为=================0.5940885257860046
############################################
############################################
开始预测userId为=====87的准确率!
trainMapSize=====182
testMapSize======29
迭代了39次
训练集的准确率为=================0.9505494505494505
测试集的准确率为=================0.8275862068965517
测试集的均方根误差为=================0.5252257314388902
############################################
############################################
开始预测userId为=====339的准确率!
trainMapSize=====224
testMapSize======30
开始时间为===========Sat Dec 12 12:51:52 CST 2015
############################################
开始预测userId为=====339的准确率!
trainMapSize=====216
testMapSize======38
开始时间为===========Sat Dec 12 12:52:09 CST 2015
############################################
开始预测userId为=====339的准确率!
trainMapSize=====229
testMapSize======25
开始时间为===========Sat Dec 12 12:52:24 CST 2015
############################################
开始预测userId为=====339的准确率!
trainMapSize=====224
testMapSize======30
开始时间为===========Sat Dec 12 12:53:50 CST 2015
############################################
开始预测userId为=====339的准确率!
trainMapSize=====229
testMapSize======25
开始时间为===========Sat Dec 12 15:15:10 CST 2015
############################################
开始预测userId为=====339的准确率!
trainMapSize=====226
testMapSize======28
开始时间为===========Sat Dec 12 15:16:06 CST 2015
############################################
开始预测userId为=====339的准确率!
trainMapSize=====218
testMapSize======36
开始时间为===========Sat Dec 12 15:17:37 CST 2015
############################################
开始预测userId为=====339的准确率!
trainMapSize=====234
testMapSize======20
开始时间为===========Sat Dec 12 15:30:19 CST 2015
############################################
开始预测userId为=====339的准确率!
trainMapSize=====216
testMapSize======37
迭代了53次
训练集的准确率为=================0.9537037037037037
测试集的准确率为=================0.8918918918918919
测试集的均方根误差为=================0.6575959492214292
############################################
~~~~~~~~~~~~~~~~~~~~~~~~~~~~~~~~~~~~~~~~~~~~~~~~~~~~~~~~~~~~~~~~~
总的准确率平均为:0.8918918918918919
总的均方根误差平均为:0.6575959492214292
结束时间为===========Sat Dec 12 15:30:49 CST 2015
总耗时为 0 分钟
