开始时间为===========Sat Dec 12 11:00:52 CST 2015
############################################
开始预测userId为=====533的准确率!
trainMapSize=====223
testMapSize======37
迭代了400次
训练集的准确率为=================0.8385650224215246
测试集的准确率为=================0.7837837837837838
测试集的均方根误差为=================0.7165985720844785
############################################
############################################
开始预测userId为=====660的准确率!
trainMapSize=====202
testMapSize======22
迭代了400次
训练集的准确率为=================0.5445544554455446
测试集的准确率为=================0.18181818181818182
测试集的均方根误差为=================1.3314380468978917
############################################
############################################
开始预测userId为=====932的准确率!
trainMapSize=====213
testMapSize======28
迭代了400次
训练集的准确率为=================0.6713615023474179
测试集的准确率为=================0.5
测试集的均方根误差为=================0.7791937224739796
############################################
############################################
开始预测userId为=====49的准确率!
trainMapSize=====188
testMapSize======27
迭代了400次
训练集的准确率为=================0.4521276595744681
测试集的准确率为=================0.37037037037037035
测试集的均方根误差为=================1.319371343004213
############################################
############################################
开始预测userId为=====280的准确率!
trainMapSize=====235
testMapSize======23
迭代了400次
训练集的准确率为=================0.7106382978723405
测试集的准确率为=================0.4782608695652174
测试集的均方根误差为=================1.0215078369104984
############################################
############################################
开始预测userId为=====653的准确率!
trainMapSize=====249
testMapSize======34
迭代了400次
训练集的准确率为=================0.678714859437751
测试集的准确率为=================0.5294117647058824
测试集的均方根误差为=================1.0846522890932808
############################################
############################################
开始预测userId为=====18的准确率!
trainMapSize=====243
testMapSize======34
迭代了400次
训练集的准确率为=================0.6666666666666666
测试集的准确率为=================0.4411764705882353
测试集的均方根误差为=================1.0
############################################
############################################
开始预测userId为=====535的准确率!
trainMapSize=====196
testMapSize======22
开始时间为===========Sat Dec 12 11:29:40 CST 2015
############################################
开始预测userId为=====533的准确率!
trainMapSize=====237
testMapSize======23
开始时间为===========Sat Dec 12 11:30:22 CST 2015
############################################
开始预测userId为=====533的准确率!
trainMapSize=====235
testMapSize======25
开始时间为===========Sat Dec 12 11:31:03 CST 2015
############################################
开始预测userId为=====533的准确率!
trainMapSize=====227
testMapSize======33
开始时间为===========Sat Dec 12 11:31:14 CST 2015
############################################
开始预测userId为=====533的准确率!
trainMapSize=====225
testMapSize======35
开始时间为===========Sat Dec 12 11:31:21 CST 2015
############################################
开始预测userId为=====533的准确率!
trainMapSize=====237
testMapSize======23
开始时间为===========Sat Dec 12 11:31:26 CST 2015
############################################
开始预测userId为=====533的准确率!
trainMapSize=====226
testMapSize======34
开始时间为===========Sat Dec 12 11:31:40 CST 2015
############################################
开始预测userId为=====533的准确率!
trainMapSize=====233
testMapSize======27
开始时间为===========Sat Dec 12 11:35:12 CST 2015
############################################
开始预测userId为=====533的准确率!
trainMapSize=====238
testMapSize======22
