开始时间为===========Mon Feb 29 16:20:13 CST 2016
要预测的user大小为===========459
############################################
开始预测userId为=====1的准确率!
trainMapSize=====131
testMapSize======130
迭代了31次
训练集的准确率为=================0.9618320610687023
测试集的准确率为=================0.9692307692307692
测试集的均方根误差分子为=================4.0
############################################
############################################
开始预测userId为=====2的准确率!
trainMapSize=====40
testMapSize======21
迭代了86次
训练集的准确率为=================0.95
测试集的准确率为=================0.6190476190476191
测试集的均方根误差分子为=================20.0
############################################
############################################
开始预测userId为=====5的准确率!
trainMapSize=====89
testMapSize======76
迭代了58次
训练集的准确率为=================0.9550561797752809
测试集的准确率为=================1.0
测试集的均方根误差分子为=================0.0
############################################
############################################
开始预测userId为=====7的准确率!
trainMapSize=====209
testMapSize======178
迭代了10次
训练集的准确率为=================0.9521531100478469
测试集的准确率为=================0.9044943820224719
测试集的均方根误差分子为=================43.0
############################################
############################################
开始预测userId为=====4的准确率!
trainMapSize=====14
testMapSize======9
迭代了400次
训练集的准确率为=================0.7142857142857143
测试集的准确率为=================0.6666666666666666
测试集的均方根误差分子为=================3.0
############################################
############################################
开始预测userId为=====3的准确率!
trainMapSize=====28
testMapSize======22
迭代了400次
训练集的准确率为=================0.8214285714285714
测试集的准确率为=================1.0
测试集的均方根误差分子为=================0.0
############################################
############################################
开始预测userId为=====8的准确率!
trainMapSize=====30
testMapSize======29
迭代了400次
训练集的准确率为=================0.8333333333333334
测试集的准确率为=================0.4482758620689655
测试集的均方根误差分子为=================53.0
############################################
############################################
开始预测userId为=====9的准确率!
trainMapSize=====12
testMapSize======9
迭代了400次
训练集的准确率为=================0.8333333333333334
测试集的准确率为=================0.5555555555555556
测试集的均方根误差分子为=================13.0
############################################
############################################
开始预测userId为=====6的准确率!
trainMapSize=====110
testMapSize======99
迭代了400次
训练集的准确率为=================0.9181818181818182
测试集的准确率为=================0.8383838383838383
测试集的均方根误差分子为=================19.0
############################################
############################################
开始预测userId为=====400的准确率!
trainMapSize=====17
testMapSize======5
迭代了400次
训练集的准确率为=================0.7058823529411765
测试集的准确率为=================1.0
测试集的均方根误差分子为=================0.0
############################################
############################################
开始预测userId为=====403的准确率!
trainMapSize=====47
testMapSize======3
迭代了326次
训练集的准确率为=================0.9574468085106383
测试集的准确率为=================0.6666666666666666
测试集的均方根误差分子为=================4.0
############################################
############################################
开始预测userId为=====402的准确率!
trainMapSize=====54
testMapSize======14
迭代了400次
训练集的准确率为=================0.9074074074074074
测试集的准确率为=================0.7142857142857143
测试集的均方根误差分子为=================10.0
############################################
开始时间为===========Mon Feb 29 16:37:36 CST 2016
要预测的user大小为===========459
############################################
开始预测userId为=====1的准确率!
trainMapSize=====131
testMapSize======130
迭代了42次
训练集的准确率为=================0.9694656488549618
测试集的准确率为=================0.9076923076923077
测试集的均方根误差分子为=================34.0
############################################
############################################
开始预测userId为=====2的准确率!
trainMapSize=====40
testMapSize======21
迭代了79次
训练集的准确率为=================0.95
测试集的准确率为=================0.42857142857142855
测试集的均方根误差分子为=================24.0
############################################
############################################
开始预测userId为=====5的准确率!
trainMapSize=====89
testMapSize======76
迭代了50次
训练集的准确率为=================0.9550561797752809
测试集的准确率为=================0.9210526315789473
测试集的均方根误差分子为=================14.0
############################################
############################################
开始预测userId为=====7的准确率!
trainMapSize=====209
testMapSize======178
迭代了11次
训练集的准确率为=================0.9521531100478469
测试集的准确率为=================0.9719101123595506
测试集的均方根误差分子为=================20.0
############################################
############################################
开始预测userId为=====4的准确率!
trainMapSize=====14
testMapSize======9
迭代了400次
训练集的准确率为=================0.6428571428571429
测试集的准确率为=================0.6666666666666666
测试集的均方根误差分子为=================3.0
############################################
############################################
开始预测userId为=====3的准确率!
trainMapSize=====28
testMapSize======22
迭代了314次
训练集的准确率为=================0.9642857142857143
测试集的准确率为=================1.0
测试集的均方根误差分子为=================0.0
############################################
开始时间为===========Mon Feb 29 16:40:27 CST 2016
要预测的user大小为===========459
############################################
开始预测userId为=====1的准确率!
trainMapSize=====131
testMapSize======130
迭代了20次
训练集的准确率为=================0.9541984732824428
测试集的准确率为=================0.9692307692307692
测试集的均方根误差分子为=================7.0
############################################
############################################
开始预测userId为=====2的准确率!
trainMapSize=====40
testMapSize======21
迭代了78次
训练集的准确率为=================0.95
测试集的准确率为=================0.42857142857142855
测试集的均方根误差分子为=================27.0
############################################
############################################
开始预测userId为=====5的准确率!
trainMapSize=====89
testMapSize======76
迭代了46次
训练集的准确率为=================0.9550561797752809
测试集的准确率为=================1.0
测试集的均方根误差分子为=================0.0
############################################
############################################
开始预测userId为=====7的准确率!
trainMapSize=====209
testMapSize======178
迭代了16次
训练集的准确率为=================0.9569377990430622
测试集的准确率为=================0.9719101123595506
测试集的均方根误差分子为=================29.0
############################################
############################################
开始预测userId为=====3的准确率!
trainMapSize=====28
testMapSize======22
迭代了229次
训练集的准确率为=================0.9642857142857143
测试集的准确率为=================1.0
测试集的均方根误差分子为=================0.0
############################################
############################################
开始预测userId为=====4的准确率!
trainMapSize=====14
testMapSize======9
迭代了400次
训练集的准确率为=================0.6428571428571429
测试集的准确率为=================0.7777777777777778
测试集的均方根误差分子为=================2.0
############################################
开始时间为===========Mon Feb 29 16:52:53 CST 2016
要预测的user大小为===========459
############################################
开始预测userId为=====1的准确率!
trainMapSize=====131
testMapSize======130
迭代了32次
训练集的准确率为=================0.9694656488549618
测试集的准确率为=================0.9615384615384616
测试集的均方根误差分子为=================8.0
############################################
