开始时间为===========Fri Dec 11 10:48:48 CST 2015
############################################
开始预测userId为=====533的准确率!
trainMapSize=====217
testMapSize======30
迭代了400次
训练集的准确率为=================0.8341013824884793
测试集的准确率为=================0.5
测试集的均方根误差为=================1.2780193008453875
############################################
~~~~~~~~~~~~~~~~~~~~~~~~~~~~~~~~~~~~~~~~~~~~~~~~~~~~~~~~~~~~~~~~~
总的准确率平均为:0.5
总的均方根误差平均为:1.2780193008453875
结束时间为===========Fri Dec 11 11:12:05 CST 2015
总耗时为 23 分钟
开始时间为===========Fri Dec 11 11:18:31 CST 2015
############################################
开始预测userId为=====533的准确率!
trainMapSize=====221
testMapSize======26
开始时间为===========Fri Dec 11 11:20:50 CST 2015
############################################
开始预测userId为=====533的准确率!
trainMapSize=====213
testMapSize======34
开始时间为===========Fri Dec 11 11:22:00 CST 2015
############################################
开始预测userId为=====533的准确率!
trainMapSize=====214
testMapSize======33
