开始时间为===========Sat Dec 12 15:33:27 CST 2015
############################################
开始预测userId为=====533的准确率!
trainMapSize=====227
testMapSize======33
迭代了400次
训练集的准确率为=================0.7929515418502202
测试集的准确率为=================0.6666666666666666
测试集的均方根误差为=================0.8348471099367218
############################################
############################################
开始预测userId为=====660的准确率!
trainMapSize=====193
testMapSize======31
迭代了38次
训练集的准确率为=================0.9689119170984456
测试集的准确率为=================0.8064516129032258
测试集的均方根误差为=================0.6221710168382552
############################################
############################################
开始预测userId为=====932的准确率!
trainMapSize=====204
testMapSize======34
迭代了41次
训练集的准确率为=================0.9558823529411765
测试集的准确率为=================0.9705882352941176
测试集的均方根误差为=================0.17149858514250885
############################################
############################################
开始预测userId为=====49的准确率!
trainMapSize=====184
testMapSize======30
迭代了27次
训练集的准确率为=================0.9565217391304348
测试集的准确率为=================0.9333333333333333
测试集的均方根误差为=================0.5163977794943222
############################################
############################################
开始预测userId为=====280的准确率!
trainMapSize=====238
testMapSize======20
迭代了24次
训练集的准确率为=================0.9537815126050421
测试集的准确率为=================0.9
测试集的均方根误差为=================0.6324555320336759
############################################
############################################
开始预测userId为=====653的准确率!
trainMapSize=====244
testMapSize======38
迭代了33次
训练集的准确率为=================0.9549180327868853
测试集的准确率为=================0.8157894736842105
测试集的均方根误差为=================0.7433919416750282
############################################
############################################
开始预测userId为=====18的准确率!
trainMapSize=====246
testMapSize======29
迭代了8次
训练集的准确率为=================0.959349593495935
测试集的准确率为=================0.896551724137931
测试集的均方根误差为=================0.6158817620514397
############################################
############################################
开始预测userId为=====535的准确率!
trainMapSize=====184
testMapSize======34
迭代了20次
训练集的准确率为=================0.9510869565217391
测试集的准确率为=================0.5882352941176471
测试集的均方根误差为=================0.8224783208299743
############################################
############################################
开始预测userId为=====87的准确率!
trainMapSize=====175
testMapSize======33
迭代了29次
训练集的准确率为=================0.9542857142857143
测试集的准确率为=================0.696969696969697
测试集的均方根误差为=================0.7587869106393281
############################################
############################################
开始预测userId为=====339的准确率!
trainMapSize=====227
testMapSize======26
迭代了25次
训练集的准确率为=================0.9515418502202643
测试集的准确率为=================0.8461538461538461
测试集的均方根误差为=================0.6201736729460423
############################################
############################################
开始预测userId为=====643的准确率!
trainMapSize=====182
testMapSize======24
迭代了81次
训练集的准确率为=================0.9560439560439561
测试集的准确率为=================0.75
测试集的均方根误差为=================0.5
############################################
############################################
开始预测userId为=====194的准确率!
trainMapSize=====269
testMapSize======34
迭代了29次
训练集的准确率为=================0.9553903345724907
测试集的准确率为=================0.8529411764705882
测试集的均方根误差为=================0.568796458994521
############################################
############################################
开始预测userId为=====62的准确率!
trainMapSize=====204
testMapSize======27
迭代了32次
训练集的准确率为=================0.9509803921568627
测试集的准确率为=================0.7037037037037037
测试集的均方根误差为=================0.7200822998230956
############################################
############################################
开始预测userId为=====642的准确率!
trainMapSize=====273
testMapSize======44
迭代了25次
训练集的准确率为=================0.9597069597069597
测试集的准确率为=================0.9545454545454546
测试集的均方根误差为=================0.337099931231621
############################################
############################################
开始预测userId为=====286的准确率!
trainMapSize=====248
testMapSize======38
迭代了13次
训练集的准确率为=================0.9516129032258065
测试集的准确率为=================0.9210526315789473
测试集的均方根误差为=================0.4866642633922876
############################################
############################################
开始预测userId为=====334的准确率!
trainMapSize=====287
testMapSize======44
迭代了400次
训练集的准确率为=================0.8362369337979094
测试集的准确率为=================0.75
测试集的均方根误差为=================0.674199862463242
############################################
############################################
开始预测userId为=====749的准确率!
trainMapSize=====265
testMapSize======40
迭代了40次
训练集的准确率为=================0.9509433962264151
测试集的准确率为=================0.9
测试集的均方根误差为=================0.5
############################################
############################################
开始预测userId为=====345的准确率!
trainMapSize=====198
testMapSize======33
迭代了33次
训练集的准确率为=================0.9545454545454546
测试集的准确率为=================0.9090909090909091
测试集的均方根误差为=================0.30151134457776363
############################################
############################################
开始预测userId为=====537的准确率!
trainMapSize=====425
testMapSize======63
迭代了146次
训练集的准确率为=================0.9505882352941176
测试集的准确率为=================0.9047619047619048
测试集的均方根误差为=================0.5194624816493197
############################################
############################################
开始预测userId为=====650的准确率!
trainMapSize=====279
testMapSize======31
迭代了400次
训练集的准确率为=================0.9068100358422939
测试集的准确率为=================0.9032258064516129
测试集的均方根误差为=================0.3110855084191276
############################################
############################################
开始预测userId为=====342的准确率!
trainMapSize=====174
testMapSize======26
迭代了51次
训练集的准确率为=================0.9540229885057471
测试集的准确率为=================0.8846153846153846
测试集的均方根误差为=================0.6504436355879909
############################################
~~~~~~~~~~~~~~~~~~~~~~~~~~~~~~~~~~~~~~~~~~~~~~~~~~~~~~~~~~~~~~~~~
总的准确率平均为:0.8359369930704371
总的均方根误差平均为:0.5670204008441079
结束时间为===========Sat Dec 12 15:52:06 CST 2015
总耗时为 18 分钟
